info: ::1 - - [03/Aug/2024:06:01:43 +0000] "GET / HTTP/1.1" 304 - "-" "Mozilla/5.0 (Windows NT 10.0; Win64; x64) AppleWebKit/537.36 (KHTML, like Gecko) Chrome/127.0.0.0 Safari/537.36 Edg/127.0.0.0"

info: ::1 - - [03/Aug/2024:06:48:04 +0000] "POST /users/create HTTP/1.1" 404 47 "-" "PostmanRuntime/7.40.0"

info: ::1 - - [03/Aug/2024:06:51:07 +0000] "POST /notes/create HTTP/1.1" 201 173 "-" "PostmanRuntime/7.40.0"

info: ::1 - - [03/Aug/2024:06:53:40 +0000] "POST /notes/create HTTP/1.1" 201 173 "-" "PostmanRuntime/7.40.0"

info: ::1 - - [03/Aug/2024:06:56:24 +0000] "POST /notes/create HTTP/1.1" 201 1641 "-" "PostmanRuntime/7.40.0"

info: ::1 - - [03/Aug/2024:06:58:17 +0000] "POST /notes/create HTTP/1.1" 201 22156 "-" "PostmanRuntime/7.40.0"

info: ::1 - - [03/Aug/2024:07:02:45 +0000] "POST /users/login HTTP/1.1" 200 60 "-" "PostmanRuntime/7.40.0"

info: ::1 - - [03/Aug/2024:07:03:24 +0000] "POST /users/register HTTP/1.1" 201 260 "-" "PostmanRuntime/7.40.0"

info: ::1 - - [03/Aug/2024:07:03:31 +0000] "POST /users/login HTTP/1.1" 200 403 "-" "PostmanRuntime/7.40.0"

info: ::1 - - [03/Aug/2024:07:05:02 +0000] "POST /notes/create HTTP/1.1" 201 22156 "-" "PostmanRuntime/7.40.0"

info: ::1 - - [03/Aug/2024:07:13:17 +0000] "POST /notes/create HTTP/1.1" 500 108 "-" "PostmanRuntime/7.40.0"

info: ::1 - - [03/Aug/2024:07:13:26 +0000] "POST /notes/create HTTP/1.1" 201 301 "-" "PostmanRuntime/7.40.0"

info: ::1 - - [03/Aug/2024:07:29:50 +0000] "POST /users/register HTTP/1.1" 201 269 "-" "PostmanRuntime/7.40.0"

info: ::1 - - [03/Aug/2024:07:30:23 +0000] "POST /users/register HTTP/1.1" 201 267 "-" "PostmanRuntime/7.40.0"

info: ::1 - - [03/Aug/2024:07:30:39 +0000] "POST /users/login HTTP/1.1" 200 437 "-" "PostmanRuntime/7.40.0"

info: ::1 - - [03/Aug/2024:07:31:39 +0000] "POST /notes/create HTTP/1.1" 201 173 "-" "PostmanRuntime/7.40.0"

info: ::1 - - [03/Aug/2024:08:43:30 +0000] "GET /notes/getnotes HTTP/1.1" 400 56 "-" "PostmanRuntime/7.40.0"

info: ::1 - - [03/Aug/2024:08:43:41 +0000] "POST /users/login HTTP/1.1" 200 437 "-" "PostmanRuntime/7.40.0"

info: ::1 - - [03/Aug/2024:08:44:25 +0000] "POST /notes/create HTTP/1.1" 201 174 "-" "PostmanRuntime/7.40.0"

info: ::1 - - [03/Aug/2024:08:44:34 +0000] "GET /notes/getnotes HTTP/1.1" 400 56 "-" "PostmanRuntime/7.40.0"

info: ::1 - - [03/Aug/2024:08:46:14 +0000] "GET /notes/getnotes HTTP/1.1" 400 56 "-" "PostmanRuntime/7.40.0"

info: ::1 - - [03/Aug/2024:08:49:46 +0000] "GET /notes/getnotes HTTP/1.1" 400 56 "-" "PostmanRuntime/7.40.0"

info: ::1 - - [03/Aug/2024:08:50:32 +0000] "GET /notes/getnotes HTTP/1.1" 200 295 "-" "PostmanRuntime/7.40.0"

info: ::1 - - [03/Aug/2024:08:51:30 +0000] "POST /users/login HTTP/1.1" 200 60 "-" "PostmanRuntime/7.40.0"

info: ::1 - - [03/Aug/2024:08:51:37 +0000] "POST /users/login HTTP/1.1" 200 439 "-" "PostmanRuntime/7.40.0"

info: ::1 - - [03/Aug/2024:08:52:04 +0000] "GET /notes/getnotes HTTP/1.1" 200 65 "-" "PostmanRuntime/7.40.0"

info: ::1 - - [03/Aug/2024:08:52:47 +0000] "POST /notes/create HTTP/1.1" 201 176 "-" "PostmanRuntime/7.40.0"

info: ::1 - - [03/Aug/2024:08:52:53 +0000] "GET /notes/getnotes HTTP/1.1" 200 182 "-" "PostmanRuntime/7.40.0"

info: ::1 - - [03/Aug/2024:09:22:07 +0000] "GET /notes/getnotes HTTP/1.1" 200 182 "-" "PostmanRuntime/7.40.0"

info: ::1 - - [03/Aug/2024:09:22:26 +0000] "GET /notes/getnotes/3 HTTP/1.1" 200 175 "-" "PostmanRuntime/7.40.0"

info: ::1 - - [03/Aug/2024:09:23:19 +0000] "GET /notes/getnotes HTTP/1.1" 200 182 "-" "PostmanRuntime/7.40.0"

info: ::1 - - [03/Aug/2024:09:23:25 +0000] "GET /notes/getnotes/3 HTTP/1.1" 400 56 "-" "PostmanRuntime/7.40.0"

info: ::1 - - [03/Aug/2024:09:23:51 +0000] "GET /notes/getnotes/3 HTTP/1.1" 200 175 "-" "PostmanRuntime/7.40.0"

info: ::1 - - [03/Aug/2024:09:24:12 +0000] "POST /users/login HTTP/1.1" 200 437 "-" "PostmanRuntime/7.40.0"

info: ::1 - - [03/Aug/2024:09:24:29 +0000] "GET /notes/getnotes HTTP/1.1" 200 295 "-" "PostmanRuntime/7.40.0"

info: ::1 - - [03/Aug/2024:09:24:40 +0000] "GET /notes/getnotes/3 HTTP/1.1" 200 175 "-" "PostmanRuntime/7.40.0"

info: ::1 - - [03/Aug/2024:09:24:48 +0000] "GET /notes/getnotes/3 HTTP/1.1" 200 175 "-" "PostmanRuntime/7.40.0"

info: ::1 - - [03/Aug/2024:09:24:52 +0000] "GET /notes/getnotes/1 HTTP/1.1" 200 172 "-" "PostmanRuntime/7.40.0"

info: ::1 - - [03/Aug/2024:09:24:57 +0000] "GET /notes/getnotes/5 HTTP/1.1" 200 62 "-" "PostmanRuntime/7.40.0"

info: ::1 - - [03/Aug/2024:09:25:08 +0000] "GET /notes/getnotes/2 HTTP/1.1" 200 173 "-" "PostmanRuntime/7.40.0"

info: ::1 - - [03/Aug/2024:09:25:16 +0000] "GET /notes/getnotes/3 HTTP/1.1" 200 175 "-" "PostmanRuntime/7.40.0"

info: ::1 - - [03/Aug/2024:09:25:28 +0000] "GET /notes/getnotes HTTP/1.1" 200 295 "-" "PostmanRuntime/7.40.0"

info: ::1 - - [03/Aug/2024:09:32:39 +0000] "GET /notes/getnotes/3 HTTP/1.1" 200 62 "-" "PostmanRuntime/7.40.0"

info: ::1 - - [03/Aug/2024:09:33:00 +0000] "GET /notes/getnotes/1 HTTP/1.1" 200 172 "-" "PostmanRuntime/7.40.0"

info: ::1 - - [03/Aug/2024:09:33:04 +0000] "GET /notes/getnotes/2 HTTP/1.1" 200 173 "-" "PostmanRuntime/7.40.0"

info: ::1 - - [03/Aug/2024:09:33:11 +0000] "GET /notes/getnotes/3 HTTP/1.1" 200 62 "-" "PostmanRuntime/7.40.0"

info: ::1 - - [03/Aug/2024:09:34:08 +0000] "GET /notes/getnotes/2 HTTP/1.1" 200 173 "-" "PostmanRuntime/7.40.0"

info: ::1 - - [03/Aug/2024:09:42:34 +0000] "PUT /notes/getnotes/3 HTTP/1.1" 202 162 "-" "PostmanRuntime/7.40.0"

info: ::1 - - [03/Aug/2024:09:44:11 +0000] "PUT /notes/getnotes/2 HTTP/1.1" 202 162 "-" "PostmanRuntime/7.40.0"

info: ::1 - - [03/Aug/2024:09:44:57 +0000] "POST /users/login HTTP/1.1" 200 437 "-" "PostmanRuntime/7.40.0"

info: ::1 - - [03/Aug/2024:09:46:28 +0000] "PUT /notes/updatenotes/3 HTTP/1.1" 202 168 "-" "PostmanRuntime/7.40.0"

info: ::1 - - [03/Aug/2024:09:46:49 +0000] "PUT /notes/updatenotes/1 HTTP/1.1" 202 168 "-" "PostmanRuntime/7.40.0"

info: ::1 - - [03/Aug/2024:09:50:51 +0000] "PUT /notes/updatenotes/3 HTTP/1.1" 202 50 "-" "PostmanRuntime/7.40.0"

info: ::1 - - [03/Aug/2024:09:52:20 +0000] "PUT /notes/updatenotes/3 HTTP/1.1" - - "-" "PostmanRuntime/7.40.0"

info: ::1 - - [03/Aug/2024:09:52:32 +0000] "PUT /notes/updatenotes/3 HTTP/1.1" 202 50 "-" "PostmanRuntime/7.40.0"

info: ::1 - - [03/Aug/2024:09:53:25 +0000] "PUT /notes/updatenotes/3 HTTP/1.1" - - "-" "PostmanRuntime/7.40.0"

info: ::1 - - [03/Aug/2024:09:54:16 +0000] "PUT /notes/updatenotes/3 HTTP/1.1" - - "-" "PostmanRuntime/7.40.0"

