info: ::1 - - [01/Aug/2024:06:21:16 +0000] "GET /api/v1/ HTTP/1.1" 200 29 "-" "Mozilla/5.0 (Windows NT 10.0; Win64; x64) AppleWebKit/537.36 (KHTML, like Gecko) Chrome/127.0.0.0 Safari/537.36 Edg/127.0.0.0"

info: ::1 - - [01/Aug/2024:06:22:33 +0000] "GET /api/v1/ HTTP/1.1" 404 47 "-" "Mozilla/5.0 (Windows NT 10.0; Win64; x64) AppleWebKit/537.36 (KHTML, like Gecko) Chrome/127.0.0.0 Safari/537.36 Edg/127.0.0.0"

info: ::1 - - [01/Aug/2024:06:22:37 +0000] "GET / HTTP/1.1" 200 29 "-" "Mozilla/5.0 (Windows NT 10.0; Win64; x64) AppleWebKit/537.36 (KHTML, like Gecko) Chrome/127.0.0.0 Safari/537.36 Edg/127.0.0.0"

info: ::1 - - [01/Aug/2024:06:24:12 +0000] "GET / HTTP/1.1" 304 - "-" "Mozilla/5.0 (Windows NT 10.0; Win64; x64) AppleWebKit/537.36 (KHTML, like Gecko) Chrome/127.0.0.0 Safari/537.36 Edg/127.0.0.0"

info: ::1 - - [01/Aug/2024:06:24:26 +0000] "GET / HTTP/1.1" 200 29 "-" "PostmanRuntime/7.40.0"

info: ::1 - - [01/Aug/2024:06:32:29 +0000] "POST /register HTTP/1.1" 404 47 "-" "PostmanRuntime/7.40.0"

info: ::1 - - [01/Aug/2024:06:33:06 +0000] "POST /register HTTP/1.1" 404 47 "-" "PostmanRuntime/7.40.0"

info: ::1 - - [01/Aug/2024:06:33:26 +0000] "POST /register HTTP/1.1" 500 107 "-" "PostmanRuntime/7.40.0"

info: ::1 - - [01/Aug/2024:06:35:35 +0000] "POST /register HTTP/1.1" 500 107 "-" "PostmanRuntime/7.40.0"

info: ::1 - - [01/Aug/2024:06:43:00 +0000] "POST /register HTTP/1.1" 500 87 "-" "PostmanRuntime/7.40.0"

info: ::1 - - [01/Aug/2024:06:43:16 +0000] "POST / HTTP/1.1" 404 47 "-" "PostmanRuntime/7.40.0"

info: ::1 - - [01/Aug/2024:06:43:48 +0000] "POST / HTTP/1.1" 404 47 "-" "PostmanRuntime/7.40.0"

info: ::1 - - [01/Aug/2024:06:43:55 +0000] "POST /register HTTP/1.1" 500 87 "-" "PostmanRuntime/7.40.0"

info: ::1 - - [01/Aug/2024:06:44:03 +0000] "POST /register HTTP/1.1" 201 209 "-" "PostmanRuntime/7.40.0"

info: ::1 - - [01/Aug/2024:06:47:29 +0000] "POST /register HTTP/1.1" 500 87 "-" "PostmanRuntime/7.40.0"

info: ::1 - - [01/Aug/2024:06:50:54 +0000] "POST /register HTTP/1.1" 201 217 "-" "PostmanRuntime/7.40.0"

info: ::1 - - [01/Aug/2024:06:51:51 +0000] "POST /register HTTP/1.1" 201 217 "-" "PostmanRuntime/7.40.0"

info: ::1 - - [01/Aug/2024:06:52:30 +0000] "POST /register HTTP/1.1" 201 217 "-" "PostmanRuntime/7.40.0"

info: ::1 - - [01/Aug/2024:06:53:28 +0000] "POST /register HTTP/1.1" 201 219 "-" "PostmanRuntime/7.40.0"

info: ::1 - - [01/Aug/2024:07:11:03 +0000] "POST /users/register HTTP/1.1" 201 215 "-" "PostmanRuntime/7.40.0"

info: ::1 - - [01/Aug/2024:07:20:44 +0000] "POST /users/login HTTP/1.1" 200 214 "-" "PostmanRuntime/7.40.0"

info: ::1 - - [01/Aug/2024:07:40:22 +0000] "POST /users/login HTTP/1.1" 200 60 "-" "PostmanRuntime/7.40.0"

info: ::1 - - [01/Aug/2024:07:44:31 +0000] "POST /users/login HTTP/1.1" 200 60 "-" "PostmanRuntime/7.40.0"

info: ::1 - - [01/Aug/2024:07:44:43 +0000] "GET /users/login HTTP/1.1" 404 47 "-" "PostmanRuntime/7.40.0"

info: ::1 - - [01/Aug/2024:07:44:49 +0000] "POST /users/login HTTP/1.1" 200 60 "-" "PostmanRuntime/7.40.0"

info: ::1 - - [01/Aug/2024:07:48:23 +0000] "POST /users/login HTTP/1.1" 200 60 "-" "PostmanRuntime/7.40.0"

info: ::1 - - [01/Aug/2024:07:50:44 +0000] "POST /users/login HTTP/1.1" 200 48 "-" "PostmanRuntime/7.40.0"

info: ::1 - - [01/Aug/2024:07:50:58 +0000] "POST /users/login HTTP/1.1" 200 48 "-" "PostmanRuntime/7.40.0"

info: ::1 - - [01/Aug/2024:07:52:00 +0000] "POST /users/login HTTP/1.1" 200 84 "-" "PostmanRuntime/7.40.0"

info: ::1 - - [01/Aug/2024:07:52:31 +0000] "POST /users/login HTTP/1.1" 200 84 "-" "PostmanRuntime/7.40.0"

info: ::1 - - [01/Aug/2024:07:53:07 +0000] "POST /users/login HTTP/1.1" 200 84 "-" "PostmanRuntime/7.40.0"

info: ::1 - - [01/Aug/2024:07:53:14 +0000] "POST /users/login HTTP/1.1" 200 212 "-" "PostmanRuntime/7.40.0"

info: ::1 - - [01/Aug/2024:07:53:23 +0000] "POST /users/login HTTP/1.1" 200 84 "-" "PostmanRuntime/7.40.0"

info: ::1 - - [01/Aug/2024:07:55:15 +0000] "POST /users/login HTTP/1.1" 200 48 "-" "PostmanRuntime/7.40.0"

info: ::1 - - [01/Aug/2024:07:55:28 +0000] "POST /users/login HTTP/1.1" 200 176 "-" "PostmanRuntime/7.40.0"

info: ::1 - - [01/Aug/2024:07:57:07 +0000] "POST /users/login HTTP/1.1" 200 176 "-" "PostmanRuntime/7.40.0"

info: ::1 - - [01/Aug/2024:07:58:49 +0000] "POST /users/login HTTP/1.1" 200 212 "-" "PostmanRuntime/7.40.0"

info: ::1 - - [01/Aug/2024:07:59:40 +0000] "POST /users/login HTTP/1.1" 200 84 "-" "PostmanRuntime/7.40.0"

info: ::1 - - [01/Aug/2024:08:00:34 +0000] "POST /users/login HTTP/1.1" 200 84 "-" "PostmanRuntime/7.40.0"

info: ::1 - - [01/Aug/2024:08:02:46 +0000] "POST /users/login HTTP/1.1" 200 84 "-" "PostmanRuntime/7.40.0"

info: ::1 - - [01/Aug/2024:08:03:52 +0000] "POST /users/login HTTP/1.1" 200 84 "-" "PostmanRuntime/7.40.0"

info: ::1 - - [01/Aug/2024:08:04:14 +0000] "POST /users/login HTTP/1.1" 200 84 "-" "PostmanRuntime/7.40.0"

info: ::1 - - [01/Aug/2024:08:04:25 +0000] "POST /users/login HTTP/1.1" 200 214 "-" "PostmanRuntime/7.40.0"

info: ::1 - - [01/Aug/2024:08:06:34 +0000] "POST /users/login HTTP/1.1" 200 214 "-" "PostmanRuntime/7.40.0"

info: ::1 - - [01/Aug/2024:08:06:40 +0000] "POST /users/login HTTP/1.1" 200 84 "-" "PostmanRuntime/7.40.0"

info: ::1 - - [01/Aug/2024:08:53:22 +0000] "POST /users/login HTTP/1.1" 200 84 "-" "PostmanRuntime/7.40.0"

info: ::1 - - [01/Aug/2024:08:54:08 +0000] "POST /users/login HTTP/1.1" 200 214 "-" "PostmanRuntime/7.40.0"

info: ::1 - - [01/Aug/2024:08:54:22 +0000] "POST /users/login HTTP/1.1" 200 214 "-" "PostmanRuntime/7.40.0"

info: ::1 - - [01/Aug/2024:08:54:43 +0000] "POST /users/login HTTP/1.1" 200 214 "-" "PostmanRuntime/7.40.0"

info: ::1 - - [01/Aug/2024:08:55:10 +0000] "POST /users/login HTTP/1.1" 200 214 "-" "PostmanRuntime/7.40.0"

info: ::1 - - [01/Aug/2024:08:55:35 +0000] "POST /users/login HTTP/1.1" 200 84 "-" "PostmanRuntime/7.40.0"

