info: ::1 - - [04/Aug/2024:13:54:14 +0000] "POST /users/login HTTP/1.1" 200 437 "-" "PostmanRuntime/7.40.0"

info: ::1 - - [04/Aug/2024:13:54:43 +0000] "PUT /notes/updatenotes/3 HTTP/1.1" - - "-" "PostmanRuntime/7.40.0"

info: ::1 - - [04/Aug/2024:13:55:45 +0000] "PUT /notes/updatenotes/1 HTTP/1.1" - - "-" "PostmanRuntime/7.40.0"

info: ::1 - - [04/Aug/2024:13:56:41 +0000] "PUT /notes/updatenotes/3 HTTP/1.1" - - "-" "PostmanRuntime/7.40.0"

info: ::1 - - [04/Aug/2024:13:57:29 +0000] "PUT /notes/updatenotes/3 HTTP/1.1" - - "-" "PostmanRuntime/7.40.0"

info: ::1 - - [04/Aug/2024:13:58:51 +0000] "GET /notes/getnotes/2 HTTP/1.1" 200 179 "-" "PostmanRuntime/7.40.0"

info: ::1 - - [04/Aug/2024:13:59:03 +0000] "GET /notes/getnotes/1 HTTP/1.1" 200 191 "-" "PostmanRuntime/7.40.0"

info: ::1 - - [04/Aug/2024:13:59:25 +0000] "GET /notes/getnotes/2 HTTP/1.1" 200 179 "-" "PostmanRuntime/7.40.0"

info: ::1 - - [04/Aug/2024:13:59:29 +0000] "GET /notes/getnotes/3 HTTP/1.1" 200 62 "-" "PostmanRuntime/7.40.0"

info: ::1 - - [04/Aug/2024:14:00:55 +0000] "PUT /notes/updatenotes/3 HTTP/1.1" - - "-" "PostmanRuntime/7.40.0"

info: ::1 - - [04/Aug/2024:14:01:45 +0000] "PUT /notes/updatenotes/1 HTTP/1.1" - - "-" "PostmanRuntime/7.40.0"

info: ::1 - - [04/Aug/2024:14:02:56 +0000] "PUT /notes/updatenotes/1 HTTP/1.1" - - "-" "PostmanRuntime/7.40.0"

info: ::1 - - [04/Aug/2024:14:03:31 +0000] "PUT /notes/updatenotes/2 HTTP/1.1" - - "-" "PostmanRuntime/7.40.0"

info: ::1 - - [04/Aug/2024:14:11:45 +0000] "PUT /notes/updatenotes/2 HTTP/1.1" - - "-" "PostmanRuntime/7.40.0"

info: ::1 - - [04/Aug/2024:14:11:56 +0000] "POST /users/login HTTP/1.1" 200 436 "-" "PostmanRuntime/7.40.0"

info: ::1 - - [04/Aug/2024:14:12:26 +0000] "GET /notes/getnotes HTTP/1.1" 200 332 "-" "PostmanRuntime/7.40.0"

info: ::1 - - [04/Aug/2024:14:12:38 +0000] "PUT /notes/updatenotes/2 HTTP/1.1" - - "-" "PostmanRuntime/7.40.0"

info: ::1 - - [04/Aug/2024:14:13:10 +0000] "PUT /notes/updatenotes/2 HTTP/1.1" - - "-" "PostmanRuntime/7.40.0"

info: ::1 - - [04/Aug/2024:14:14:04 +0000] "PUT /notes/updatenotes/2 HTTP/1.1" 202 174 "-" "PostmanRuntime/7.40.0"

info: ::1 - - [04/Aug/2024:14:14:21 +0000] "PUT /notes/updatenotes/2 HTTP/1.1" 202 175 "-" "PostmanRuntime/7.40.0"

info: ::1 - - [04/Aug/2024:14:14:54 +0000] "PUT /notes/updatenotes/3 HTTP/1.1" 202 176 "-" "PostmanRuntime/7.40.0"

info: ::1 - - [04/Aug/2024:14:19:00 +0000] "PUT /notes/updatenotes/3 HTTP/1.1" 202 176 "-" "PostmanRuntime/7.40.0"

info: ::1 - - [04/Aug/2024:14:19:18 +0000] "PUT /notes/updatenotes/1 HTTP/1.1" 202 176 "-" "PostmanRuntime/7.40.0"

