info: Server started at http://localhost:3000 {"timestamp":"2024-08-02T05:30:26.190Z"}
info: Connected to the database. {"timestamp":"2024-08-02T05:30:26.315Z"}
info: Server started at http://localhost:3000 {"timestamp":"2024-08-02T05:34:48.317Z"}
info: Connected to the database. {"timestamp":"2024-08-02T05:34:48.420Z"}
info: Server started at http://localhost:3000 {"timestamp":"2024-08-02T06:01:07.594Z"}
info: Connected to the database. {"timestamp":"2024-08-02T06:01:07.736Z"}
error: 
      status - 400
      message - Authorization token is required 
      url - /users/login 
      method - POST 
      IP - ::1
     {"timestamp":"2024-08-02T06:01:20.931Z"}
info: Server started at http://localhost:3000 {"timestamp":"2024-08-02T06:01:41.994Z"}
info: Connected to the database. {"timestamp":"2024-08-02T06:01:42.197Z"}
info: Server started at http://localhost:3000 {"timestamp":"2024-08-02T06:03:24.512Z"}
info: Connected to the database. {"timestamp":"2024-08-02T06:03:24.716Z"}
info: Server started at http://localhost:3000 {"timestamp":"2024-08-02T06:03:42.867Z"}
info: Connected to the database. {"timestamp":"2024-08-02T06:03:42.984Z"}
info: Server started at http://localhost:3000 {"timestamp":"2024-08-02T06:03:44.225Z"}
info: Connected to the database. {"timestamp":"2024-08-02T06:03:44.358Z"}
info: Server started at http://localhost:3000 {"timestamp":"2024-08-02T06:03:54.136Z"}
info: Connected to the database. {"timestamp":"2024-08-02T06:03:54.250Z"}
info: Server started at http://localhost:3000 {"timestamp":"2024-08-02T06:03:55.216Z"}
info: Connected to the database. {"timestamp":"2024-08-02T06:03:55.437Z"}
info: Server started at http://localhost:3000 {"timestamp":"2024-08-02T06:03:57.701Z"}
info: Connected to the database. {"timestamp":"2024-08-02T06:03:57.795Z"}
info: Server started at http://localhost:3000 {"timestamp":"2024-08-02T06:04:00.273Z"}
info: Connected to the database. {"timestamp":"2024-08-02T06:04:00.383Z"}
info: Server started at http://localhost:3000 {"timestamp":"2024-08-02T06:04:02.525Z"}
info: Connected to the database. {"timestamp":"2024-08-02T06:04:02.630Z"}
info: Server started at http://localhost:3000 {"timestamp":"2024-08-02T06:04:07.325Z"}
info: Connected to the database. {"timestamp":"2024-08-02T06:04:07.442Z"}
info: Server started at http://localhost:3000 {"timestamp":"2024-08-02T06:04:09.832Z"}
info: Connected to the database. {"timestamp":"2024-08-02T06:04:09.937Z"}
info: Server started at http://localhost:3000 {"timestamp":"2024-08-02T06:04:22.715Z"}
info: Connected to the database. {"timestamp":"2024-08-02T06:04:22.833Z"}
info: Server started at http://localhost:3000 {"timestamp":"2024-08-02T06:04:24.990Z"}
info: Connected to the database. {"timestamp":"2024-08-02T06:04:25.229Z"}
info: Server started at http://localhost:3000 {"timestamp":"2024-08-02T06:04:27.129Z"}
info: Connected to the database. {"timestamp":"2024-08-02T06:04:27.232Z"}
info: Server started at http://localhost:3000 {"timestamp":"2024-08-02T06:04:29.579Z"}
info: Connected to the database. {"timestamp":"2024-08-02T06:04:29.690Z"}
info: Server started at http://localhost:3000 {"timestamp":"2024-08-02T06:04:31.066Z"}
info: Connected to the database. {"timestamp":"2024-08-02T06:04:31.183Z"}
info: Server started at http://localhost:3000 {"timestamp":"2024-08-02T06:04:45.499Z"}
info: Connected to the database. {"timestamp":"2024-08-02T06:04:45.607Z"}
info: Connected to the database. {"timestamp":"2024-08-02T06:05:06.355Z"}
info: Server started at http://localhost:3000 {"timestamp":"2024-08-02T06:05:09.990Z"}
info: Connected to the database. {"timestamp":"2024-08-02T06:05:10.199Z"}
info: Connected to the database. {"timestamp":"2024-08-02T06:05:11.866Z"}
info: Server started at http://localhost:3000 {"timestamp":"2024-08-02T06:05:16.456Z"}
info: Connected to the database. {"timestamp":"2024-08-02T06:05:16.579Z"}
info: Connected to the database. {"timestamp":"2024-08-02T06:05:24.710Z"}
info: Server started at http://localhost:3000 {"timestamp":"2024-08-02T06:05:29.969Z"}
info: Connected to the database. {"timestamp":"2024-08-02T06:05:30.092Z"}
info: Server started at http://localhost:3000 {"timestamp":"2024-08-02T06:06:09.210Z"}
info: Connected to the database. {"timestamp":"2024-08-02T06:06:09.438Z"}
info: Server started at http://localhost:3000 {"timestamp":"2024-08-02T06:06:10.673Z"}
info: Connected to the database. {"timestamp":"2024-08-02T06:06:10.798Z"}
info: Server started at http://localhost:3000 {"timestamp":"2024-08-02T06:06:21.105Z"}
info: Connected to the database. {"timestamp":"2024-08-02T06:06:21.215Z"}
info: Server started at http://localhost:3000 {"timestamp":"2024-08-02T06:06:32.723Z"}
info: Connected to the database. {"timestamp":"2024-08-02T06:06:32.837Z"}
info: Server started at http://localhost:3000 {"timestamp":"2024-08-02T06:06:37.524Z"}
info: Connected to the database. {"timestamp":"2024-08-02T06:06:37.643Z"}
info: Server started at http://localhost:3000 {"timestamp":"2024-08-02T06:06:38.719Z"}
info: Connected to the database. {"timestamp":"2024-08-02T06:06:38.820Z"}
info: Server started at http://localhost:3000 {"timestamp":"2024-08-02T06:06:43.224Z"}
info: Connected to the database. {"timestamp":"2024-08-02T06:06:43.350Z"}
info: Server started at http://localhost:3000 {"timestamp":"2024-08-02T06:06:46.946Z"}
info: Connected to the database. {"timestamp":"2024-08-02T06:06:47.054Z"}
info: Server started at http://localhost:3000 {"timestamp":"2024-08-02T06:07:27.223Z"}
info: Connected to the database. {"timestamp":"2024-08-02T06:07:27.339Z"}
info: Server started at http://localhost:3000 {"timestamp":"2024-08-02T06:07:31.794Z"}
info: Connected to the database. {"timestamp":"2024-08-02T06:07:31.942Z"}
info: Server started at http://localhost:3000 {"timestamp":"2024-08-02T06:07:34.400Z"}
info: Connected to the database. {"timestamp":"2024-08-02T06:07:34.510Z"}
info: Server started at http://localhost:3000 {"timestamp":"2024-08-02T06:07:45.655Z"}
info: Connected to the database. {"timestamp":"2024-08-02T06:07:45.777Z"}
info: Server started at http://localhost:3000 {"timestamp":"2024-08-02T06:07:47.417Z"}
info: Connected to the database. {"timestamp":"2024-08-02T06:07:47.536Z"}
info: Server started at http://localhost:3000 {"timestamp":"2024-08-02T06:08:15.702Z"}
info: Connected to the database. {"timestamp":"2024-08-02T06:08:15.930Z"}
info: Server started at http://localhost:3000 {"timestamp":"2024-08-02T06:08:56.152Z"}
info: Connected to the database. {"timestamp":"2024-08-02T06:08:56.385Z"}
info: Server started at http://localhost:3000 {"timestamp":"2024-08-02T06:09:07.288Z"}
info: Connected to the database. {"timestamp":"2024-08-02T06:09:07.395Z"}
info: Server started at http://localhost:3000 {"timestamp":"2024-08-02T06:09:16.124Z"}
info: Connected to the database. {"timestamp":"2024-08-02T06:09:16.236Z"}
info: Server started at http://localhost:3000 {"timestamp":"2024-08-02T06:09:18.522Z"}
info: Connected to the database. {"timestamp":"2024-08-02T06:09:18.731Z"}
info: Server started at http://localhost:3000 {"timestamp":"2024-08-02T06:09:23.421Z"}
info: Connected to the database. {"timestamp":"2024-08-02T06:09:23.536Z"}
info: Server started at http://localhost:3000 {"timestamp":"2024-08-02T06:09:26.812Z"}
info: Connected to the database. {"timestamp":"2024-08-02T06:09:26.923Z"}
info: Server started at http://localhost:3000 {"timestamp":"2024-08-02T06:09:41.425Z"}
info: Connected to the database. {"timestamp":"2024-08-02T06:09:41.572Z"}
info: Server started at http://localhost:3000 {"timestamp":"2024-08-02T06:09:42.572Z"}
info: Connected to the database. {"timestamp":"2024-08-02T06:09:42.677Z"}
info: Server started at http://localhost:3000 {"timestamp":"2024-08-02T06:09:44.443Z"}
info: Connected to the database. {"timestamp":"2024-08-02T06:09:44.565Z"}
info: Server started at http://localhost:3000 {"timestamp":"2024-08-02T06:10:08.924Z"}
info: Connected to the database. {"timestamp":"2024-08-02T06:10:09.022Z"}
info: Server started at http://localhost:3000 {"timestamp":"2024-08-02T06:12:18.156Z"}
info: Connected to the database. {"timestamp":"2024-08-02T06:12:18.257Z"}
error: 
      status - 400
      message - Authorization token is required 
      url - /users/login 
      method - POST 
      IP - ::1
     {"timestamp":"2024-08-02T06:12:22.340Z"}
info: Server started at http://localhost:3000 {"timestamp":"2024-08-02T06:13:05.552Z"}
info: Connected to the database. {"timestamp":"2024-08-02T06:13:05.717Z"}
info: Server started at http://localhost:3000 {"timestamp":"2024-08-02T06:13:14.101Z"}
info: Connected to the database. {"timestamp":"2024-08-02T06:13:14.224Z"}
info: Server started at http://localhost:3000 {"timestamp":"2024-08-02T06:17:40.356Z"}
info: Connected to the database. {"timestamp":"2024-08-02T06:17:40.488Z"}
info: Server started at http://localhost:3000 {"timestamp":"2024-08-02T06:18:08.410Z"}
info: Connected to the database. {"timestamp":"2024-08-02T06:18:08.529Z"}
info: Connected to the database. {"timestamp":"2024-08-02T06:22:45.012Z"}
info: Server started at http://localhost:3000 {"timestamp":"2024-08-02T06:22:48.687Z"}
info: Connected to the database. {"timestamp":"2024-08-02T06:22:48.816Z"}
error: 
    status - 500 
    message - JsonWebTokenError: jwt must be provided
    at Object.module.exports [as verify] (C:\Users\Vishal\Documents\BridgeLabz\fundooNotes\fundooNotes\node_modules\jsonwebtoken\verify.js:53:17)
    at C:\Users\Vishal\Documents\BridgeLabz\fundooNotes\fundooNotes\src\middlewares\auth.middleware.ts:32:37
    at Generator.next (<anonymous>)
    at C:\Users\Vishal\Documents\BridgeLabz\fundooNotes\fundooNotes\src\middlewares\auth.middleware.ts:8:71
    at new Promise (<anonymous>)
    at __awaiter (C:\Users\Vishal\Documents\BridgeLabz\fundooNotes\fundooNotes\src\middlewares\auth.middleware.ts:4:12)
    at userAuth (C:\Users\Vishal\Documents\BridgeLabz\fundooNotes\fundooNotes\src\middlewares\auth.middleware.ts:22:20)
    at Layer.handle [as handle_request] (C:\Users\Vishal\Documents\BridgeLabz\fundooNotes\fundooNotes\node_modules\express\lib\router\layer.js:95:5)
    at next (C:\Users\Vishal\Documents\BridgeLabz\fundooNotes\fundooNotes\node_modules\express\lib\router\route.js:149:13)
    at Route.dispatch (C:\Users\Vishal\Documents\BridgeLabz\fundooNotes\fundooNotes\node_modules\express\lib\router\route.js:119:3) 
    url - /users/login 
    method - POST 
    IP - ::1
   {"timestamp":"2024-08-02T06:23:17.471Z"}
error: 
      status - 400
      message - Authorization token is required 
      url - /users/login 
      method - POST 
      IP - ::1
     {"timestamp":"2024-08-02T06:24:34.424Z"}
info: Server started at http://localhost:3000 {"timestamp":"2024-08-02T06:24:46.921Z"}
info: Connected to the database. {"timestamp":"2024-08-02T06:24:47.029Z"}
info: Server started at http://localhost:3000 {"timestamp":"2024-08-02T06:28:56.677Z"}
info: Connected to the database. {"timestamp":"2024-08-02T06:28:56.795Z"}
info: Connected to the database. {"timestamp":"2024-08-02T06:33:57.024Z"}
info: Connected to the database. {"timestamp":"2024-08-02T06:34:03.092Z"}
info: Connected to the database. {"timestamp":"2024-08-02T06:34:10.031Z"}
info: Server started at http://localhost:3000 {"timestamp":"2024-08-02T06:34:14.866Z"}
info: Connected to the database. {"timestamp":"2024-08-02T06:34:14.975Z"}
info: Server started at http://localhost:3000 {"timestamp":"2024-08-02T06:34:15.829Z"}
info: Connected to the database. {"timestamp":"2024-08-02T06:34:15.949Z"}
info: Connected to the database. {"timestamp":"2024-08-02T06:34:19.719Z"}
info: Connected to the database. {"timestamp":"2024-08-02T06:34:24.098Z"}
info: Server started at http://localhost:3000 {"timestamp":"2024-08-02T06:35:06.911Z"}
info: Connected to the database. {"timestamp":"2024-08-02T06:35:07.027Z"}
info: Server started at http://localhost:3000 {"timestamp":"2024-08-02T06:35:10.949Z"}
info: Connected to the database. {"timestamp":"2024-08-02T06:35:11.066Z"}
info: Server started at http://localhost:3000 {"timestamp":"2024-08-02T06:35:15.780Z"}
info: Connected to the database. {"timestamp":"2024-08-02T06:35:15.874Z"}
info: Server started at http://localhost:3000 {"timestamp":"2024-08-02T06:35:17.492Z"}
info: Connected to the database. {"timestamp":"2024-08-02T06:35:17.597Z"}
info: Server started at http://localhost:3000 {"timestamp":"2024-08-02T06:35:18.849Z"}
info: Connected to the database. {"timestamp":"2024-08-02T06:35:18.977Z"}
info: Server started at http://localhost:3000 {"timestamp":"2024-08-02T06:36:00.815Z"}
info: Connected to the database. {"timestamp":"2024-08-02T06:36:00.934Z"}
info: Server started at http://localhost:3000 {"timestamp":"2024-08-02T06:36:31.572Z"}
info: Connected to the database. {"timestamp":"2024-08-02T06:36:31.700Z"}
info: Server started at http://localhost:3000 {"timestamp":"2024-08-02T06:36:41.536Z"}
info: Connected to the database. {"timestamp":"2024-08-02T06:36:41.649Z"}
info: Server started at http://localhost:3000 {"timestamp":"2024-08-02T06:38:58.173Z"}
info: Connected to the database. {"timestamp":"2024-08-02T06:38:58.397Z"}
info: Server started at http://localhost:3000 {"timestamp":"2024-08-02T06:39:26.603Z"}
info: Connected to the database. {"timestamp":"2024-08-02T06:39:26.709Z"}
error: 
    status - 500 
    message - JsonWebTokenError: jwt must be provided
    at Object.module.exports [as verify] (C:\Users\Vishal\Documents\BridgeLabz\fundooNotes\fundooNotes\node_modules\jsonwebtoken\verify.js:53:17)
    at C:\Users\Vishal\Documents\BridgeLabz\fundooNotes\fundooNotes\src\middlewares\auth.middleware.ts:32:37
    at Generator.next (<anonymous>)
    at C:\Users\Vishal\Documents\BridgeLabz\fundooNotes\fundooNotes\src\middlewares\auth.middleware.ts:8:71
    at new Promise (<anonymous>)
    at __awaiter (C:\Users\Vishal\Documents\BridgeLabz\fundooNotes\fundooNotes\src\middlewares\auth.middleware.ts:4:12)
    at userAuth (C:\Users\Vishal\Documents\BridgeLabz\fundooNotes\fundooNotes\src\middlewares\auth.middleware.ts:22:20)
    at Layer.handle [as handle_request] (C:\Users\Vishal\Documents\BridgeLabz\fundooNotes\fundooNotes\node_modules\express\lib\router\layer.js:95:5)
    at next (C:\Users\Vishal\Documents\BridgeLabz\fundooNotes\fundooNotes\node_modules\express\lib\router\route.js:149:13)
    at Route.dispatch (C:\Users\Vishal\Documents\BridgeLabz\fundooNotes\fundooNotes\node_modules\express\lib\router\route.js:119:3) 
    url - /users/4 
    method - GET 
    IP - ::1
   {"timestamp":"2024-08-02T06:39:28.002Z"}
error: 
    status - 500 
    message - JsonWebTokenError: jwt must be provided
    at Object.module.exports [as verify] (C:\Users\Vishal\Documents\BridgeLabz\fundooNotes\fundooNotes\node_modules\jsonwebtoken\verify.js:53:17)
    at C:\Users\Vishal\Documents\BridgeLabz\fundooNotes\fundooNotes\src\middlewares\auth.middleware.ts:32:37
    at Generator.next (<anonymous>)
    at C:\Users\Vishal\Documents\BridgeLabz\fundooNotes\fundooNotes\src\middlewares\auth.middleware.ts:8:71
    at new Promise (<anonymous>)
    at __awaiter (C:\Users\Vishal\Documents\BridgeLabz\fundooNotes\fundooNotes\src\middlewares\auth.middleware.ts:4:12)
    at userAuth (C:\Users\Vishal\Documents\BridgeLabz\fundooNotes\fundooNotes\src\middlewares\auth.middleware.ts:22:20)
    at Layer.handle [as handle_request] (C:\Users\Vishal\Documents\BridgeLabz\fundooNotes\fundooNotes\node_modules\express\lib\router\layer.js:95:5)
    at next (C:\Users\Vishal\Documents\BridgeLabz\fundooNotes\fundooNotes\node_modules\express\lib\router\route.js:149:13)
    at Route.dispatch (C:\Users\Vishal\Documents\BridgeLabz\fundooNotes\fundooNotes\node_modules\express\lib\router\route.js:119:3) 
    url - /users/4 
    method - GET 
    IP - ::1
   {"timestamp":"2024-08-02T06:39:34.197Z"}
error: 
    status - 500 
    message - JsonWebTokenError: jwt must be provided
    at Object.module.exports [as verify] (C:\Users\Vishal\Documents\BridgeLabz\fundooNotes\fundooNotes\node_modules\jsonwebtoken\verify.js:53:17)
    at C:\Users\Vishal\Documents\BridgeLabz\fundooNotes\fundooNotes\src\middlewares\auth.middleware.ts:32:37
    at Generator.next (<anonymous>)
    at C:\Users\Vishal\Documents\BridgeLabz\fundooNotes\fundooNotes\src\middlewares\auth.middleware.ts:8:71
    at new Promise (<anonymous>)
    at __awaiter (C:\Users\Vishal\Documents\BridgeLabz\fundooNotes\fundooNotes\src\middlewares\auth.middleware.ts:4:12)
    at userAuth (C:\Users\Vishal\Documents\BridgeLabz\fundooNotes\fundooNotes\src\middlewares\auth.middleware.ts:22:20)
    at Layer.handle [as handle_request] (C:\Users\Vishal\Documents\BridgeLabz\fundooNotes\fundooNotes\node_modules\express\lib\router\layer.js:95:5)
    at next (C:\Users\Vishal\Documents\BridgeLabz\fundooNotes\fundooNotes\node_modules\express\lib\router\route.js:149:13)
    at Route.dispatch (C:\Users\Vishal\Documents\BridgeLabz\fundooNotes\fundooNotes\node_modules\express\lib\router\route.js:119:3) 
    url - /users/4 
    method - GET 
    IP - ::1
   {"timestamp":"2024-08-02T06:39:42.645Z"}
info: Server started at http://localhost:3000 {"timestamp":"2024-08-02T06:42:06.329Z"}
info: Connected to the database. {"timestamp":"2024-08-02T06:42:06.455Z"}
info: Server started at http://localhost:3000 {"timestamp":"2024-08-02T06:42:07.887Z"}
info: Connected to the database. {"timestamp":"2024-08-02T06:42:07.998Z"}
info: Server started at http://localhost:3000 {"timestamp":"2024-08-02T06:42:13.505Z"}
info: Connected to the database. {"timestamp":"2024-08-02T06:42:13.614Z"}
info: Server started at http://localhost:3000 {"timestamp":"2024-08-02T06:42:38.123Z"}
info: Connected to the database. {"timestamp":"2024-08-02T06:42:38.224Z"}
info: Server started at http://localhost:3000 {"timestamp":"2024-08-02T06:53:42.327Z"}
info: Connected to the database. {"timestamp":"2024-08-02T06:53:42.451Z"}
info: Server started at http://localhost:3000 {"timestamp":"2024-08-02T06:53:50.072Z"}
info: Connected to the database. {"timestamp":"2024-08-02T06:53:50.200Z"}
info: Server started at http://localhost:3000 {"timestamp":"2024-08-02T06:53:51.675Z"}
info: Connected to the database. {"timestamp":"2024-08-02T06:53:51.772Z"}
info: Server started at http://localhost:3000 {"timestamp":"2024-08-02T06:57:49.039Z"}
info: Connected to the database. {"timestamp":"2024-08-02T06:57:49.150Z"}
info: Server started at http://localhost:3000 {"timestamp":"2024-08-02T07:28:21.340Z"}
info: Connected to the database. {"timestamp":"2024-08-02T07:28:21.461Z"}
info: Server started at http://localhost:3000 {"timestamp":"2024-08-02T07:30:28.412Z"}
info: Connected to the database. {"timestamp":"2024-08-02T07:30:28.514Z"}
info: Server started at http://localhost:3000 {"timestamp":"2024-08-02T07:30:32.318Z"}
info: Connected to the database. {"timestamp":"2024-08-02T07:30:32.433Z"}
info: Connected to the database. {"timestamp":"2024-08-02T07:30:38.239Z"}
info: Server started at http://localhost:3000 {"timestamp":"2024-08-02T07:30:41.829Z"}
info: Connected to the database. {"timestamp":"2024-08-02T07:30:41.942Z"}
info: Connected to the database. {"timestamp":"2024-08-02T07:30:54.676Z"}
info: Connected to the database. {"timestamp":"2024-08-02T07:30:58.384Z"}
info: Connected to the database. {"timestamp":"2024-08-02T07:31:02.091Z"}
info: Connected to the database. {"timestamp":"2024-08-02T07:31:05.896Z"}
info: Connected to the database. {"timestamp":"2024-08-02T07:31:09.651Z"}
info: Connected to the database. {"timestamp":"2024-08-02T07:31:13.733Z"}
info: Server started at http://localhost:3000 {"timestamp":"2024-08-02T07:31:18.932Z"}
info: Connected to the database. {"timestamp":"2024-08-02T07:31:19.050Z"}
info: Connected to the database. {"timestamp":"2024-08-02T07:31:37.388Z"}
info: Connected to the database. {"timestamp":"2024-08-02T07:31:43.942Z"}
info: Server started at http://localhost:3000 {"timestamp":"2024-08-02T07:31:47.564Z"}
info: Connected to the database. {"timestamp":"2024-08-02T07:31:47.687Z"}
info: Server started at http://localhost:3000 {"timestamp":"2024-08-02T07:31:48.595Z"}
info: Connected to the database. {"timestamp":"2024-08-02T07:31:48.735Z"}
info: Server started at http://localhost:3000 {"timestamp":"2024-08-02T07:31:50.296Z"}
info: Connected to the database. {"timestamp":"2024-08-02T07:31:50.413Z"}
info: Connected to the database. {"timestamp":"2024-08-02T07:32:05.107Z"}
info: Server started at http://localhost:3000 {"timestamp":"2024-08-02T07:32:08.798Z"}
info: Connected to the database. {"timestamp":"2024-08-02T07:32:08.909Z"}
info: Server started at http://localhost:3000 {"timestamp":"2024-08-02T07:32:13.447Z"}
info: Connected to the database. {"timestamp":"2024-08-02T07:32:13.666Z"}
info: Server started at http://localhost:3000 {"timestamp":"2024-08-02T07:32:18.417Z"}
info: Connected to the database. {"timestamp":"2024-08-02T07:32:18.528Z"}
info: Server started at http://localhost:3000 {"timestamp":"2024-08-02T07:32:21.021Z"}
info: Connected to the database. {"timestamp":"2024-08-02T07:32:21.134Z"}
info: Server started at http://localhost:3000 {"timestamp":"2024-08-02T07:32:34.923Z"}
info: Connected to the database. {"timestamp":"2024-08-02T07:32:35.038Z"}
info: Server started at http://localhost:3000 {"timestamp":"2024-08-02T07:32:36.900Z"}
info: Connected to the database. {"timestamp":"2024-08-02T07:32:36.996Z"}
info: Server started at http://localhost:3000 {"timestamp":"2024-08-02T07:32:39.015Z"}
info: Connected to the database. {"timestamp":"2024-08-02T07:32:39.241Z"}
info: Server started at http://localhost:3000 {"timestamp":"2024-08-02T07:33:06.921Z"}
info: Connected to the database. {"timestamp":"2024-08-02T07:33:07.036Z"}
info: Server started at http://localhost:3000 {"timestamp":"2024-08-02T07:33:19.682Z"}
info: Connected to the database. {"timestamp":"2024-08-02T07:33:19.802Z"}
info: Server started at http://localhost:3000 {"timestamp":"2024-08-02T07:33:25.509Z"}
info: Connected to the database. {"timestamp":"2024-08-02T07:33:25.605Z"}
info: Server started at http://localhost:3000 {"timestamp":"2024-08-02T07:33:29.221Z"}
info: Connected to the database. {"timestamp":"2024-08-02T07:33:29.335Z"}
info: Server started at http://localhost:3000 {"timestamp":"2024-08-02T07:33:40.336Z"}
info: Connected to the database. {"timestamp":"2024-08-02T07:33:40.450Z"}
info: Server started at http://localhost:3000 {"timestamp":"2024-08-02T07:33:49.641Z"}
info: Connected to the database. {"timestamp":"2024-08-02T07:33:49.753Z"}
info: Server started at http://localhost:3000 {"timestamp":"2024-08-02T07:33:54.596Z"}
info: Connected to the database. {"timestamp":"2024-08-02T07:33:54.720Z"}
info: Server started at http://localhost:3000 {"timestamp":"2024-08-02T07:34:07.010Z"}
info: Connected to the database. {"timestamp":"2024-08-02T07:34:07.134Z"}
info: Server started at http://localhost:3000 {"timestamp":"2024-08-02T07:39:51.684Z"}
info: Connected to the database. {"timestamp":"2024-08-02T07:39:51.789Z"}
