info: Server started at http://localhost:3000 {"timestamp":"2024-08-14T08:43:15.673Z"}
info: Connected to the database. {"timestamp":"2024-08-14T08:43:16.157Z"}
error: 
    status - 500 
    message - Error: Error registering user: Validation error
    at UserService.<anonymous> (C:\Users\Vishal\Documents\BridgeLabz\fundooNotes\fundooNotes\src\services\user.service.ts:25:13)
    at Generator.throw (<anonymous>)
    at rejected (C:\Users\Vishal\Documents\BridgeLabz\fundooNotes\fundooNotes\src\services\user.service.ts:29:65)
    at processTicksAndRejections (node:internal/process/task_queues:95:5) 
    url - /users/register 
    method - POST 
    IP - ::1
   {"timestamp":"2024-08-14T08:44:00.971Z"}
error: 
    status - 500 
    message - Error: Error registering user: Validation error
    at UserService.<anonymous> (C:\Users\Vishal\Documents\BridgeLabz\fundooNotes\fundooNotes\src\services\user.service.ts:25:13)
    at Generator.throw (<anonymous>)
    at rejected (C:\Users\Vishal\Documents\BridgeLabz\fundooNotes\fundooNotes\src\services\user.service.ts:29:65)
    at processTicksAndRejections (node:internal/process/task_queues:95:5) 
    url - /users/register 
    method - POST 
    IP - ::1
   {"timestamp":"2024-08-14T08:45:12.111Z"}
info: Server started at http://localhost:3000 {"timestamp":"2024-08-14T08:47:42.441Z"}
info: Connected to the database. {"timestamp":"2024-08-14T08:47:42.728Z"}
info: Server started at http://localhost:3000 {"timestamp":"2024-08-14T08:47:47.752Z"}
info: Connected to the database. {"timestamp":"2024-08-14T08:47:47.901Z"}
info: Server started at http://localhost:3000 {"timestamp":"2024-08-14T12:00:34.499Z"}
info: Connected to the database. {"timestamp":"2024-08-14T12:00:34.614Z"}
info: Server started at http://localhost:3000 {"timestamp":"2024-08-14T12:02:13.786Z"}
info: Connected to the database. {"timestamp":"2024-08-14T12:02:13.901Z"}
info: Connected to the database. {"timestamp":"2024-08-14T12:03:27.866Z"}
info: Server started at http://localhost:3000 {"timestamp":"2024-08-14T12:03:31.679Z"}
info: Connected to the database. {"timestamp":"2024-08-14T12:03:31.785Z"}
info: Server started at http://localhost:3000 {"timestamp":"2024-08-14T12:31:29.059Z"}
info: Connected to the database. {"timestamp":"2024-08-14T12:31:29.173Z"}
