info: Server started at http://localhost:3000 {"timestamp":"2024-08-05T05:17:41.035Z"}
info: Connected to the database. {"timestamp":"2024-08-05T05:17:41.268Z"}
info: Server started at http://localhost:3000 {"timestamp":"2024-08-05T05:17:42.260Z"}
info: Connected to the database. {"timestamp":"2024-08-05T05:17:42.490Z"}
info: Server started at http://localhost:3000 {"timestamp":"2024-08-05T05:17:47.978Z"}
info: Connected to the database. {"timestamp":"2024-08-05T05:17:48.087Z"}
info: Server started at http://localhost:3000 {"timestamp":"2024-08-05T05:17:52.566Z"}
info: Connected to the database. {"timestamp":"2024-08-05T05:17:52.694Z"}
info: Server started at http://localhost:3000 {"timestamp":"2024-08-05T05:17:56.321Z"}
info: Connected to the database. {"timestamp":"2024-08-05T05:17:56.434Z"}
info: Connected to the database. {"timestamp":"2024-08-05T05:17:57.699Z"}
info: Server started at http://localhost:3000 {"timestamp":"2024-08-05T05:18:07.595Z"}
info: Connected to the database. {"timestamp":"2024-08-05T05:18:07.699Z"}
info: Connected to the database. {"timestamp":"2024-08-05T05:18:09.182Z"}
info: Server started at http://localhost:3000 {"timestamp":"2024-08-05T05:18:12.692Z"}
info: Connected to the database. {"timestamp":"2024-08-05T05:18:12.815Z"}
info: Server started at http://localhost:3000 {"timestamp":"2024-08-05T05:18:16.426Z"}
info: Connected to the database. {"timestamp":"2024-08-05T05:18:16.535Z"}
info: Server started at http://localhost:3000 {"timestamp":"2024-08-05T05:18:23.373Z"}
info: Connected to the database. {"timestamp":"2024-08-05T05:18:23.469Z"}
info: Connected to the database. {"timestamp":"2024-08-05T05:18:28.778Z"}
info: Connected to the database. {"timestamp":"2024-08-05T05:18:32.408Z"}
info: Server started at http://localhost:3000 {"timestamp":"2024-08-05T05:18:35.994Z"}
info: Connected to the database. {"timestamp":"2024-08-05T05:18:36.087Z"}
info: Connected to the database. {"timestamp":"2024-08-05T05:18:37.128Z"}
info: Connected to the database. {"timestamp":"2024-08-05T05:18:40.928Z"}
info: Server started at http://localhost:3000 {"timestamp":"2024-08-05T05:18:44.361Z"}
info: Connected to the database. {"timestamp":"2024-08-05T05:18:44.485Z"}
info: Server started at http://localhost:3000 {"timestamp":"2024-08-05T05:18:47.908Z"}
info: Connected to the database. {"timestamp":"2024-08-05T05:18:48.248Z"}
info: Connected to the database. {"timestamp":"2024-08-05T05:18:51.492Z"}
info: Connected to the database. {"timestamp":"2024-08-05T05:18:55.152Z"}
info: Connected to the database. {"timestamp":"2024-08-05T05:19:00.144Z"}
info: Connected to the database. {"timestamp":"2024-08-05T05:19:12.139Z"}
info: Connected to the database. {"timestamp":"2024-08-05T05:19:19.770Z"}
info: Connected to the database. {"timestamp":"2024-08-05T05:19:31.086Z"}
info: Server started at http://localhost:3000 {"timestamp":"2024-08-05T05:19:35.609Z"}
info: Connected to the database. {"timestamp":"2024-08-05T05:19:35.720Z"}
info: Server started at http://localhost:3000 {"timestamp":"2024-08-05T05:19:39.462Z"}
info: Connected to the database. {"timestamp":"2024-08-05T05:19:39.580Z"}
info: Server started at http://localhost:3000 {"timestamp":"2024-08-05T05:19:44.538Z"}
info: Connected to the database. {"timestamp":"2024-08-05T05:19:44.658Z"}
info: Server started at http://localhost:3000 {"timestamp":"2024-08-05T05:19:47.509Z"}
info: Connected to the database. {"timestamp":"2024-08-05T05:19:47.632Z"}
info: Server started at http://localhost:3000 {"timestamp":"2024-08-05T05:19:50.308Z"}
info: Connected to the database. {"timestamp":"2024-08-05T05:19:50.518Z"}
info: Server started at http://localhost:3000 {"timestamp":"2024-08-05T05:20:00.195Z"}
info: Connected to the database. {"timestamp":"2024-08-05T05:20:00.311Z"}
info: Server started at http://localhost:3000 {"timestamp":"2024-08-05T05:20:05.789Z"}
info: Connected to the database. {"timestamp":"2024-08-05T05:20:05.899Z"}
info: Server started at http://localhost:3000 {"timestamp":"2024-08-05T05:20:15.669Z"}
info: Connected to the database. {"timestamp":"2024-08-05T05:20:15.781Z"}
info: Server started at http://localhost:3000 {"timestamp":"2024-08-05T05:20:18.508Z"}
info: Connected to the database. {"timestamp":"2024-08-05T05:20:18.613Z"}
info: Server started at http://localhost:3000 {"timestamp":"2024-08-05T05:20:45.637Z"}
info: Connected to the database. {"timestamp":"2024-08-05T05:20:45.729Z"}
info: Server started at http://localhost:3000 {"timestamp":"2024-08-05T05:20:46.780Z"}
info: Connected to the database. {"timestamp":"2024-08-05T05:20:46.888Z"}
info: Server started at http://localhost:3000 {"timestamp":"2024-08-05T05:20:48.208Z"}
info: Connected to the database. {"timestamp":"2024-08-05T05:20:48.444Z"}
info: Server started at http://localhost:3000 {"timestamp":"2024-08-05T05:21:36.611Z"}
info: Connected to the database. {"timestamp":"2024-08-05T05:21:36.718Z"}
info: Connected to the database. {"timestamp":"2024-08-05T05:22:58.464Z"}
info: Server started at http://localhost:3000 {"timestamp":"2024-08-05T05:23:04.622Z"}
info: Connected to the database. {"timestamp":"2024-08-05T05:23:04.743Z"}
info: Server started at http://localhost:3000 {"timestamp":"2024-08-05T05:23:10.248Z"}
info: Connected to the database. {"timestamp":"2024-08-05T05:23:10.360Z"}
info: Server started at http://localhost:3000 {"timestamp":"2024-08-05T05:23:29.891Z"}
info: Connected to the database. {"timestamp":"2024-08-05T05:23:30.014Z"}
info: Server started at http://localhost:3000 {"timestamp":"2024-08-05T05:27:40.835Z"}
info: Connected to the database. {"timestamp":"2024-08-05T05:27:40.930Z"}
info: Server started at http://localhost:3000 {"timestamp":"2024-08-05T05:30:07.242Z"}
info: Connected to the database. {"timestamp":"2024-08-05T05:30:07.342Z"}
info: Connected to the database. {"timestamp":"2024-08-05T05:30:16.629Z"}
info: Server started at http://localhost:3000 {"timestamp":"2024-08-05T05:30:20.206Z"}
info: Connected to the database. {"timestamp":"2024-08-05T05:30:20.440Z"}
info: Server started at http://localhost:3000 {"timestamp":"2024-08-05T05:30:30.722Z"}
info: Connected to the database. {"timestamp":"2024-08-05T05:30:30.831Z"}
info: Server started at http://localhost:3000 {"timestamp":"2024-08-05T05:30:32.286Z"}
info: Connected to the database. {"timestamp":"2024-08-05T05:30:32.392Z"}
info: Server started at http://localhost:3000 {"timestamp":"2024-08-05T05:30:33.344Z"}
info: Connected to the database. {"timestamp":"2024-08-05T05:30:33.442Z"}
info: Server started at http://localhost:3000 {"timestamp":"2024-08-05T05:30:51.849Z"}
info: Connected to the database. {"timestamp":"2024-08-05T05:30:51.975Z"}
info: Server started at http://localhost:3000 {"timestamp":"2024-08-05T05:30:54.857Z"}
info: Connected to the database. {"timestamp":"2024-08-05T05:30:55.061Z"}
info: Server started at http://localhost:3000 {"timestamp":"2024-08-05T05:31:06.257Z"}
info: Connected to the database. {"timestamp":"2024-08-05T05:31:06.360Z"}
info: Server started at http://localhost:3000 {"timestamp":"2024-08-05T05:31:25.496Z"}
info: Connected to the database. {"timestamp":"2024-08-05T05:31:25.737Z"}
info: Server started at http://localhost:3000 {"timestamp":"2024-08-05T05:31:56.101Z"}
info: Connected to the database. {"timestamp":"2024-08-05T05:31:56.209Z"}
info: Server started at http://localhost:3000 {"timestamp":"2024-08-05T05:32:12.239Z"}
info: Connected to the database. {"timestamp":"2024-08-05T05:32:12.353Z"}
info: Server started at http://localhost:3000 {"timestamp":"2024-08-05T05:32:14.211Z"}
info: Connected to the database. {"timestamp":"2024-08-05T05:32:14.338Z"}
info: Server started at http://localhost:3000 {"timestamp":"2024-08-05T05:32:16.011Z"}
info: Connected to the database. {"timestamp":"2024-08-05T05:32:16.123Z"}
info: Server started at http://localhost:3000 {"timestamp":"2024-08-05T05:32:31.699Z"}
info: Connected to the database. {"timestamp":"2024-08-05T05:32:31.814Z"}
info: Server started at http://localhost:3000 {"timestamp":"2024-08-05T05:32:49.149Z"}
info: Connected to the database. {"timestamp":"2024-08-05T05:32:49.377Z"}
info: Server started at http://localhost:3000 {"timestamp":"2024-08-05T05:32:56.483Z"}
info: Connected to the database. {"timestamp":"2024-08-05T05:32:56.709Z"}
info: Server started at http://localhost:3000 {"timestamp":"2024-08-05T05:32:59.804Z"}
info: Connected to the database. {"timestamp":"2024-08-05T05:32:59.901Z"}
info: Server started at http://localhost:3000 {"timestamp":"2024-08-05T05:37:38.998Z"}
info: Connected to the database. {"timestamp":"2024-08-05T05:37:39.116Z"}
info: Server started at http://localhost:3000 {"timestamp":"2024-08-05T05:37:40.200Z"}
info: Connected to the database. {"timestamp":"2024-08-05T05:37:40.425Z"}
info: Server started at http://localhost:3000 {"timestamp":"2024-08-05T05:37:42.743Z"}
info: Connected to the database. {"timestamp":"2024-08-05T05:37:42.862Z"}
info: Server started at http://localhost:3000 {"timestamp":"2024-08-05T05:38:06.704Z"}
info: Connected to the database. {"timestamp":"2024-08-05T05:38:06.810Z"}
info: Server started at http://localhost:3000 {"timestamp":"2024-08-05T05:39:07.786Z"}
info: Connected to the database. {"timestamp":"2024-08-05T05:39:07.896Z"}
info: Server started at http://localhost:3000 {"timestamp":"2024-08-05T05:39:13.427Z"}
info: Connected to the database. {"timestamp":"2024-08-05T05:39:13.543Z"}
info: Server started at http://localhost:3000 {"timestamp":"2024-08-05T05:39:17.623Z"}
info: Connected to the database. {"timestamp":"2024-08-05T05:39:17.746Z"}
info: Server started at http://localhost:3000 {"timestamp":"2024-08-05T05:39:22.124Z"}
info: Connected to the database. {"timestamp":"2024-08-05T05:39:22.244Z"}
info: Server started at http://localhost:3000 {"timestamp":"2024-08-05T05:39:24.094Z"}
info: Connected to the database. {"timestamp":"2024-08-05T05:39:24.223Z"}
info: Connected to the database. {"timestamp":"2024-08-05T05:39:33.194Z"}
info: Connected to the database. {"timestamp":"2024-08-05T05:39:36.895Z"}
info: Connected to the database. {"timestamp":"2024-08-05T05:39:45.685Z"}
info: Connected to the database. {"timestamp":"2024-08-05T05:39:50.006Z"}
info: Connected to the database. {"timestamp":"2024-08-05T05:39:53.613Z"}
info: Server started at http://localhost:3000 {"timestamp":"2024-08-05T05:39:57.244Z"}
info: Connected to the database. {"timestamp":"2024-08-05T05:39:57.367Z"}
info: Server started at http://localhost:3000 {"timestamp":"2024-08-05T05:39:59.545Z"}
info: Connected to the database. {"timestamp":"2024-08-05T05:39:59.656Z"}
info: Server started at http://localhost:3000 {"timestamp":"2024-08-05T05:40:03.629Z"}
info: Connected to the database. {"timestamp":"2024-08-05T05:40:03.853Z"}
info: Server started at http://localhost:3000 {"timestamp":"2024-08-05T05:40:15.000Z"}
info: Connected to the database. {"timestamp":"2024-08-05T05:40:15.121Z"}
info: Server started at http://localhost:3000 {"timestamp":"2024-08-05T05:40:18.297Z"}
info: Connected to the database. {"timestamp":"2024-08-05T05:40:18.410Z"}
info: Connected to the database. {"timestamp":"2024-08-05T05:40:21.150Z"}
info: Server started at http://localhost:3000 {"timestamp":"2024-08-05T05:40:24.741Z"}
info: Connected to the database. {"timestamp":"2024-08-05T05:40:24.967Z"}
info: Server started at http://localhost:3000 {"timestamp":"2024-08-05T05:40:36.616Z"}
info: Connected to the database. {"timestamp":"2024-08-05T05:40:36.731Z"}
info: Server started at http://localhost:3000 {"timestamp":"2024-08-05T05:42:56.517Z"}
info: Connected to the database. {"timestamp":"2024-08-05T05:42:56.620Z"}
info: Server started at http://localhost:3000 {"timestamp":"2024-08-05T05:42:58.893Z"}
info: Connected to the database. {"timestamp":"2024-08-05T05:42:59.010Z"}
info: Server started at http://localhost:3000 {"timestamp":"2024-08-05T05:43:03.678Z"}
info: Connected to the database. {"timestamp":"2024-08-05T05:43:03.785Z"}
info: Server started at http://localhost:3000 {"timestamp":"2024-08-05T05:43:05.871Z"}
info: Connected to the database. {"timestamp":"2024-08-05T05:43:05.986Z"}
info: Server started at http://localhost:3000 {"timestamp":"2024-08-05T05:47:32.417Z"}
info: Connected to the database. {"timestamp":"2024-08-05T05:47:32.514Z"}
info: Server started at http://localhost:3000 {"timestamp":"2024-08-05T05:47:35.945Z"}
info: Connected to the database. {"timestamp":"2024-08-05T05:47:36.066Z"}
info: Server started at http://localhost:3000 {"timestamp":"2024-08-05T05:47:41.176Z"}
info: Connected to the database. {"timestamp":"2024-08-05T05:47:41.302Z"}
info: Server started at http://localhost:3000 {"timestamp":"2024-08-05T05:47:42.961Z"}
info: Connected to the database. {"timestamp":"2024-08-05T05:47:43.086Z"}
info: Server started at http://localhost:3000 {"timestamp":"2024-08-05T05:47:47.812Z"}
info: Connected to the database. {"timestamp":"2024-08-05T05:47:48.021Z"}
info: Server started at http://localhost:3000 {"timestamp":"2024-08-05T05:47:50.826Z"}
info: Connected to the database. {"timestamp":"2024-08-05T05:47:51.049Z"}
info: Server started at http://localhost:3000 {"timestamp":"2024-08-05T05:47:52.583Z"}
info: Connected to the database. {"timestamp":"2024-08-05T05:47:52.689Z"}
info: Server started at http://localhost:3000 {"timestamp":"2024-08-05T05:47:55.033Z"}
info: Connected to the database. {"timestamp":"2024-08-05T05:47:55.162Z"}
info: Connected to the database. {"timestamp":"2024-08-05T05:47:58.548Z"}
info: Connected to the database. {"timestamp":"2024-08-05T05:48:02.243Z"}
info: Connected to the database. {"timestamp":"2024-08-05T05:48:15.198Z"}
info: Connected to the database. {"timestamp":"2024-08-05T05:48:23.233Z"}
info: Connected to the database. {"timestamp":"2024-08-05T05:48:29.514Z"}
info: Connected to the database. {"timestamp":"2024-08-05T05:48:33.162Z"}
info: Connected to the database. {"timestamp":"2024-08-05T05:48:37.388Z"}
info: Connected to the database. {"timestamp":"2024-08-05T05:48:51.590Z"}
info: Connected to the database. {"timestamp":"2024-08-05T05:49:14.526Z"}
info: Connected to the database. {"timestamp":"2024-08-05T05:49:19.760Z"}
info: Connected to the database. {"timestamp":"2024-08-05T05:49:23.486Z"}
info: Connected to the database. {"timestamp":"2024-08-05T05:49:27.185Z"}
info: Connected to the database. {"timestamp":"2024-08-05T05:49:30.853Z"}
info: Connected to the database. {"timestamp":"2024-08-05T05:49:34.561Z"}
info: Connected to the database. {"timestamp":"2024-08-05T05:49:38.229Z"}
info: Connected to the database. {"timestamp":"2024-08-05T05:49:41.951Z"}
info: Server started at http://localhost:3000 {"timestamp":"2024-08-05T05:49:45.527Z"}
info: Connected to the database. {"timestamp":"2024-08-05T05:49:45.657Z"}
info: Server started at http://localhost:3000 {"timestamp":"2024-08-05T05:49:52.572Z"}
info: Connected to the database. {"timestamp":"2024-08-05T05:49:52.692Z"}
info: Server started at http://localhost:3000 {"timestamp":"2024-08-05T05:49:55.778Z"}
info: Connected to the database. {"timestamp":"2024-08-05T05:49:55.907Z"}
info: Server started at http://localhost:3000 {"timestamp":"2024-08-05T05:50:04.510Z"}
info: Connected to the database. {"timestamp":"2024-08-05T05:50:04.684Z"}
info: Server started at http://localhost:3000 {"timestamp":"2024-08-05T05:50:12.661Z"}
info: Connected to the database. {"timestamp":"2024-08-05T05:50:12.755Z"}
info: Server started at http://localhost:3000 {"timestamp":"2024-08-05T05:50:16.417Z"}
info: Connected to the database. {"timestamp":"2024-08-05T05:50:16.527Z"}
info: Server started at http://localhost:3000 {"timestamp":"2024-08-05T05:50:18.947Z"}
info: Connected to the database. {"timestamp":"2024-08-05T05:50:19.056Z"}
info: Server started at http://localhost:3000 {"timestamp":"2024-08-05T05:50:20.263Z"}
info: Connected to the database. {"timestamp":"2024-08-05T05:50:20.487Z"}
info: Server started at http://localhost:3000 {"timestamp":"2024-08-05T05:50:23.553Z"}
info: Connected to the database. {"timestamp":"2024-08-05T05:50:23.670Z"}
info: Server started at http://localhost:3000 {"timestamp":"2024-08-05T05:50:43.764Z"}
info: Connected to the database. {"timestamp":"2024-08-05T05:50:44.000Z"}
info: Connected to the database. {"timestamp":"2024-08-05T05:50:58.036Z"}
info: Server started at http://localhost:3000 {"timestamp":"2024-08-05T05:51:01.620Z"}
info: Connected to the database. {"timestamp":"2024-08-05T05:51:01.740Z"}
info: Server started at http://localhost:3000 {"timestamp":"2024-08-05T05:51:02.594Z"}
info: Connected to the database. {"timestamp":"2024-08-05T05:51:02.713Z"}
info: Server started at http://localhost:3000 {"timestamp":"2024-08-05T05:53:58.562Z"}
info: Connected to the database. {"timestamp":"2024-08-05T05:53:58.683Z"}
info: Server started at http://localhost:3000 {"timestamp":"2024-08-05T05:54:01.249Z"}
info: Connected to the database. {"timestamp":"2024-08-05T05:54:01.351Z"}
info: Server started at http://localhost:3000 {"timestamp":"2024-08-05T05:55:20.903Z"}
info: Connected to the database. {"timestamp":"2024-08-05T05:55:21.038Z"}
info: Server started at http://localhost:3000 {"timestamp":"2024-08-05T05:56:33.993Z"}
info: Connected to the database. {"timestamp":"2024-08-05T05:56:34.124Z"}
info: Server started at http://localhost:3000 {"timestamp":"2024-08-05T05:56:42.936Z"}
info: Connected to the database. {"timestamp":"2024-08-05T05:56:43.044Z"}
info: Server started at http://localhost:3000 {"timestamp":"2024-08-05T05:56:53.426Z"}
info: Connected to the database. {"timestamp":"2024-08-05T05:56:53.546Z"}
info: Server started at http://localhost:3000 {"timestamp":"2024-08-05T05:57:08.800Z"}
info: Connected to the database. {"timestamp":"2024-08-05T05:57:09.041Z"}
info: Server started at http://localhost:3000 {"timestamp":"2024-08-05T05:57:15.838Z"}
info: Connected to the database. {"timestamp":"2024-08-05T05:57:15.968Z"}
info: Server started at http://localhost:3000 {"timestamp":"2024-08-05T06:17:44.037Z"}
info: Connected to the database. {"timestamp":"2024-08-05T06:17:44.132Z"}
info: Server started at http://localhost:3000 {"timestamp":"2024-08-05T06:18:29.824Z"}
info: Connected to the database. {"timestamp":"2024-08-05T06:18:29.951Z"}
info: Server started at http://localhost:3000 {"timestamp":"2024-08-05T06:18:31.488Z"}
info: Connected to the database. {"timestamp":"2024-08-05T06:18:31.722Z"}
info: Server started at http://localhost:3000 {"timestamp":"2024-08-05T06:20:51.833Z"}
info: Connected to the database. {"timestamp":"2024-08-05T06:20:51.946Z"}
info: Server started at http://localhost:3000 {"timestamp":"2024-08-05T06:21:59.294Z"}
info: Connected to the database. {"timestamp":"2024-08-05T06:21:59.410Z"}
info: Server started at http://localhost:3000 {"timestamp":"2024-08-05T06:22:04.295Z"}
info: Connected to the database. {"timestamp":"2024-08-05T06:22:04.399Z"}
info: Server started at http://localhost:3000 {"timestamp":"2024-08-05T06:22:06.442Z"}
info: Connected to the database. {"timestamp":"2024-08-05T06:22:06.546Z"}
info: Connected to the database. {"timestamp":"2024-08-05T06:22:12.600Z"}
info: Server started at http://localhost:3000 {"timestamp":"2024-08-05T06:22:16.326Z"}
info: Connected to the database. {"timestamp":"2024-08-05T06:22:16.437Z"}
info: Connected to the database. {"timestamp":"2024-08-05T06:22:33.502Z"}
info: Server started at http://localhost:3000 {"timestamp":"2024-08-05T06:22:37.071Z"}
info: Connected to the database. {"timestamp":"2024-08-05T06:22:37.192Z"}
info: Server started at http://localhost:3000 {"timestamp":"2024-08-05T06:23:41.958Z"}
info: Connected to the database. {"timestamp":"2024-08-05T06:23:42.059Z"}
info: Server started at http://localhost:3000 {"timestamp":"2024-08-05T06:23:51.460Z"}
info: Connected to the database. {"timestamp":"2024-08-05T06:23:51.568Z"}
info: Server started at http://localhost:3000 {"timestamp":"2024-08-05T06:23:54.243Z"}
info: Connected to the database. {"timestamp":"2024-08-05T06:23:54.358Z"}
info: Server started at http://localhost:3000 {"timestamp":"2024-08-05T06:24:44.926Z"}
info: Connected to the database. {"timestamp":"2024-08-05T06:24:45.055Z"}
info: Server started at http://localhost:3000 {"timestamp":"2024-08-05T06:24:53.061Z"}
info: Connected to the database. {"timestamp":"2024-08-05T06:24:53.165Z"}
info: Server started at http://localhost:3000 {"timestamp":"2024-08-05T06:24:57.178Z"}
info: Connected to the database. {"timestamp":"2024-08-05T06:24:57.302Z"}
info: Server started at http://localhost:3000 {"timestamp":"2024-08-05T06:25:09.416Z"}
info: Connected to the database. {"timestamp":"2024-08-05T06:25:09.559Z"}
info: Server started at http://localhost:3000 {"timestamp":"2024-08-05T06:25:14.712Z"}
info: Connected to the database. {"timestamp":"2024-08-05T06:25:14.834Z"}
info: Server started at http://localhost:3000 {"timestamp":"2024-08-05T06:25:23.346Z"}
info: Connected to the database. {"timestamp":"2024-08-05T06:25:23.462Z"}
info: Server started at http://localhost:3000 {"timestamp":"2024-08-05T06:25:26.363Z"}
info: Connected to the database. {"timestamp":"2024-08-05T06:25:26.485Z"}
info: Server started at http://localhost:3000 {"timestamp":"2024-08-05T06:25:51.296Z"}
info: Connected to the database. {"timestamp":"2024-08-05T06:25:51.397Z"}
info: Server started at http://localhost:3000 {"timestamp":"2024-08-05T06:26:06.086Z"}
info: Connected to the database. {"timestamp":"2024-08-05T06:26:06.183Z"}
info: Server started at http://localhost:3000 {"timestamp":"2024-08-05T06:26:07.799Z"}
info: Connected to the database. {"timestamp":"2024-08-05T06:26:07.901Z"}
info: Server started at http://localhost:3000 {"timestamp":"2024-08-05T06:26:11.704Z"}
info: Connected to the database. {"timestamp":"2024-08-05T06:26:11.805Z"}
info: Server started at http://localhost:3000 {"timestamp":"2024-08-05T06:26:19.548Z"}
info: Connected to the database. {"timestamp":"2024-08-05T06:26:19.663Z"}
info: Server started at http://localhost:3000 {"timestamp":"2024-08-05T06:32:00.466Z"}
info: Connected to the database. {"timestamp":"2024-08-05T06:32:00.776Z"}
info: Connected to the database. {"timestamp":"2024-08-05T06:32:04.943Z"}
info: Connected to the database. {"timestamp":"2024-08-05T06:32:08.532Z"}
info: Server started at http://localhost:3000 {"timestamp":"2024-08-05T06:32:13.213Z"}
info: Connected to the database. {"timestamp":"2024-08-05T06:32:13.338Z"}
info: Server started at http://localhost:3000 {"timestamp":"2024-08-05T06:32:19.150Z"}
info: Connected to the database. {"timestamp":"2024-08-05T06:32:19.275Z"}
info: Connected to the database. {"timestamp":"2024-08-05T06:32:22.036Z"}
info: Server started at http://localhost:3000 {"timestamp":"2024-08-05T06:32:25.668Z"}
info: Connected to the database. {"timestamp":"2024-08-05T06:32:25.788Z"}
info: Connected to the database. {"timestamp":"2024-08-05T06:32:37.595Z"}
info: Server started at http://localhost:3000 {"timestamp":"2024-08-05T06:32:41.260Z"}
info: Connected to the database. {"timestamp":"2024-08-05T06:32:41.496Z"}
info: Server started at http://localhost:3000 {"timestamp":"2024-08-05T06:33:19.390Z"}
info: Connected to the database. {"timestamp":"2024-08-05T06:33:19.494Z"}
info: Server started at http://localhost:3000 {"timestamp":"2024-08-05T06:33:21.318Z"}
info: Connected to the database. {"timestamp":"2024-08-05T06:33:21.423Z"}
info: Server started at http://localhost:3000 {"timestamp":"2024-08-05T06:33:39.875Z"}
info: Connected to the database. {"timestamp":"2024-08-05T06:33:40.089Z"}
info: Server started at http://localhost:3000 {"timestamp":"2024-08-05T06:33:40.842Z"}
info: Connected to the database. {"timestamp":"2024-08-05T06:33:41.076Z"}
error: 
    status - 500 
    message - Error: Error registering user: Validation error
    at UserService.<anonymous> (C:\Users\Vishal\Documents\BridgeLabz\fundooNotes\fundooNotes\src\services\user.service.ts:23:13)
    at Generator.throw (<anonymous>)
    at rejected (C:\Users\Vishal\Documents\BridgeLabz\fundooNotes\fundooNotes\src\services\user.service.ts:29:65)
    at processTicksAndRejections (node:internal/process/task_queues:95:5) 
    url - /users/register 
    method - POST 
    IP - ::1
   {"timestamp":"2024-08-05T06:35:26.007Z"}
info: Server started at http://localhost:3000 {"timestamp":"2024-08-05T06:36:33.565Z"}
info: Connected to the database. {"timestamp":"2024-08-05T06:36:33.675Z"}
info: Server started at http://localhost:3000 {"timestamp":"2024-08-05T07:00:32.510Z"}
info: Connected to the database. {"timestamp":"2024-08-05T07:00:32.738Z"}
info: Server started at http://localhost:3000 {"timestamp":"2024-08-05T07:00:34.946Z"}
info: Connected to the database. {"timestamp":"2024-08-05T07:00:35.153Z"}
info: Server started at http://localhost:3000 {"timestamp":"2024-08-05T07:00:36.975Z"}
info: Connected to the database. {"timestamp":"2024-08-05T07:00:37.336Z"}
info: Server started at http://localhost:3000 {"timestamp":"2024-08-05T07:00:41.786Z"}
info: Connected to the database. {"timestamp":"2024-08-05T07:00:41.966Z"}
info: Server started at http://localhost:3000 {"timestamp":"2024-08-05T07:01:29.014Z"}
info: Connected to the database. {"timestamp":"2024-08-05T07:01:29.261Z"}
info: Server started at http://localhost:3000 {"timestamp":"2024-08-05T07:01:34.753Z"}
info: Connected to the database. {"timestamp":"2024-08-05T07:01:34.947Z"}
info: Server started at http://localhost:3000 {"timestamp":"2024-08-05T07:01:37.068Z"}
info: Connected to the database. {"timestamp":"2024-08-05T07:01:37.253Z"}
info: Connected to the database. {"timestamp":"2024-08-05T07:01:38.729Z"}
info: Connected to the database. {"timestamp":"2024-08-05T07:01:42.617Z"}
info: Connected to the database. {"timestamp":"2024-08-05T07:01:46.616Z"}
info: Connected to the database. {"timestamp":"2024-08-05T07:01:50.706Z"}
info: Connected to the database. {"timestamp":"2024-08-05T07:01:54.538Z"}
info: Server started at http://localhost:3000 {"timestamp":"2024-08-05T07:03:38.051Z"}
info: Connected to the database. {"timestamp":"2024-08-05T07:03:38.340Z"}
info: Connected to the database. {"timestamp":"2024-08-05T07:03:44.428Z"}
info: Connected to the database. {"timestamp":"2024-08-05T07:03:48.323Z"}
info: Connected to the database. {"timestamp":"2024-08-05T07:03:55.770Z"}
info: Connected to the database. {"timestamp":"2024-08-05T07:09:45.653Z"}
info: Connected to the database. {"timestamp":"2024-08-05T07:09:49.705Z"}
info: Connected to the database. {"timestamp":"2024-08-05T07:09:54.136Z"}
info: Connected to the database. {"timestamp":"2024-08-05T07:10:05.611Z"}
info: Connected to the database. {"timestamp":"2024-08-05T07:10:09.614Z"}
info: Connected to the database. {"timestamp":"2024-08-05T07:10:42.070Z"}
info: Connected to the database. {"timestamp":"2024-08-05T07:11:00.498Z"}
info: Connected to the database. {"timestamp":"2024-08-05T07:11:04.534Z"}
info: Connected to the database. {"timestamp":"2024-08-05T07:11:57.179Z"}
info: Server started at http://localhost:3000 {"timestamp":"2024-08-05T07:12:00.809Z"}
info: Connected to the database. {"timestamp":"2024-08-05T07:12:01.014Z"}
info: Connected to the database. {"timestamp":"2024-08-05T07:12:08.202Z"}
info: Server started at http://localhost:3000 {"timestamp":"2024-08-05T07:12:12.134Z"}
info: Connected to the database. {"timestamp":"2024-08-05T07:12:12.352Z"}
info: Connected to the database. {"timestamp":"2024-08-05T07:12:16.706Z"}
info: Connected to the database. {"timestamp":"2024-08-05T07:12:20.703Z"}
info: Connected to the database. {"timestamp":"2024-08-05T07:12:25.326Z"}
info: Connected to the database. {"timestamp":"2024-08-05T07:12:32.287Z"}
info: Connected to the database. {"timestamp":"2024-08-05T07:13:12.597Z"}
info: Connected to the database. {"timestamp":"2024-08-05T07:13:36.670Z"}
info: Connected to the database. {"timestamp":"2024-08-05T07:13:42.023Z"}
info: Connected to the database. {"timestamp":"2024-08-05T07:14:11.599Z"}
info: Connected to the database. {"timestamp":"2024-08-05T07:14:15.694Z"}
info: Connected to the database. {"timestamp":"2024-08-05T07:15:46.434Z"}
info: Connected to the database. {"timestamp":"2024-08-05T07:15:57.510Z"}
info: Connected to the database. {"timestamp":"2024-08-05T07:16:06.527Z"}
info: Connected to the database. {"timestamp":"2024-08-05T07:16:10.597Z"}
info: Connected to the database. {"timestamp":"2024-08-05T07:16:14.675Z"}
info: Server started at http://localhost:3000 {"timestamp":"2024-08-05T07:17:11.209Z"}
info: Connected to the database. {"timestamp":"2024-08-05T07:17:11.390Z"}
info: Server started at http://localhost:3000 {"timestamp":"2024-08-05T07:17:20.219Z"}
info: Connected to the database. {"timestamp":"2024-08-05T07:17:20.492Z"}
info: Server started at http://localhost:3000 {"timestamp":"2024-08-05T07:17:25.571Z"}
info: Connected to the database. {"timestamp":"2024-08-05T07:17:25.854Z"}
info: Server started at http://localhost:3000 {"timestamp":"2024-08-05T08:12:13.532Z"}
info: Connected to the database. {"timestamp":"2024-08-05T08:12:13.633Z"}
error: 
    status - 500 
    message - Error: Error Creating Note : notNull Violation: notes.uid cannot be null
    at NotesService.<anonymous> (C:\Users\Vishal\Documents\BridgeLabz\fundooNotes\fundooNotes\src\services\notes.service.ts:21:13)
    at Generator.throw (<anonymous>)
    at rejected (C:\Users\Vishal\Documents\BridgeLabz\fundooNotes\fundooNotes\src\services\notes.service.ts:29:65)
    at processTicksAndRejections (node:internal/process/task_queues:95:5) 
    url - /notes/create 
    method - POST 
    IP - ::1
   {"timestamp":"2024-08-05T08:12:17.527Z"}
info: Server started at http://localhost:3000 {"timestamp":"2024-08-05T08:12:53.178Z"}
info: Connected to the database. {"timestamp":"2024-08-05T08:12:53.271Z"}
error: 
    status - 500 
    message - Error: Error Creating Note : notNull Violation: notes.uid cannot be null
    at NotesService.<anonymous> (C:\Users\Vishal\Documents\BridgeLabz\fundooNotes\fundooNotes\src\services\notes.service.ts:21:13)
    at Generator.throw (<anonymous>)
    at rejected (C:\Users\Vishal\Documents\BridgeLabz\fundooNotes\fundooNotes\src\services\notes.service.ts:29:65)
    at processTicksAndRejections (node:internal/process/task_queues:95:5) 
    url - /notes/create 
    method - POST 
    IP - ::1
   {"timestamp":"2024-08-05T08:13:32.445Z"}
info: Server started at http://localhost:3000 {"timestamp":"2024-08-05T08:14:21.721Z"}
info: Connected to the database. {"timestamp":"2024-08-05T08:14:21.831Z"}
info: Server started at http://localhost:3000 {"timestamp":"2024-08-05T08:14:42.967Z"}
info: Connected to the database. {"timestamp":"2024-08-05T08:14:43.058Z"}
info: Server started at http://localhost:3000 {"timestamp":"2024-08-05T08:14:46.623Z"}
info: Connected to the database. {"timestamp":"2024-08-05T08:14:46.776Z"}
info: Connected to the database. {"timestamp":"2024-08-05T08:14:48.452Z"}
info: Server started at http://localhost:3000 {"timestamp":"2024-08-05T08:14:52.052Z"}
info: Connected to the database. {"timestamp":"2024-08-05T08:14:52.152Z"}
error: 
    status - 500 
    message - TokenExpiredError: jwt expired
    at C:\Users\Vishal\Documents\BridgeLabz\fundooNotes\fundooNotes\node_modules\jsonwebtoken\verify.js:152:21
    at getSecret (C:\Users\Vishal\Documents\BridgeLabz\fundooNotes\fundooNotes\node_modules\jsonwebtoken\verify.js:90:14)
    at Object.module.exports [as verify] (C:\Users\Vishal\Documents\BridgeLabz\fundooNotes\fundooNotes\node_modules\jsonwebtoken\verify.js:94:10)
    at C:\Users\Vishal\Documents\BridgeLabz\fundooNotes\fundooNotes\src\middlewares\auth.middleware.ts:32:45
    at Generator.next (<anonymous>)
    at C:\Users\Vishal\Documents\BridgeLabz\fundooNotes\fundooNotes\src\middlewares\auth.middleware.ts:8:71
    at new Promise (<anonymous>)
    at __awaiter (C:\Users\Vishal\Documents\BridgeLabz\fundooNotes\fundooNotes\src\middlewares\auth.middleware.ts:4:12)
    at userAuth (C:\Users\Vishal\Documents\BridgeLabz\fundooNotes\fundooNotes\src\middlewares\auth.middleware.ts:22:20)
    at Layer.handle [as handle_request] (C:\Users\Vishal\Documents\BridgeLabz\fundooNotes\fundooNotes\node_modules\express\lib\router\layer.js:95:5) 
    url - /notes/trashnotes/5 
    method - PUT 
    IP - ::1
   {"timestamp":"2024-08-05T08:16:54.822Z"}
info: Server started at http://localhost:3000 {"timestamp":"2024-08-05T09:13:27.744Z"}
info: Connected to the database. {"timestamp":"2024-08-05T09:13:27.938Z"}
info: Server started at http://localhost:3000 {"timestamp":"2024-08-05T09:13:30.956Z"}
info: Connected to the database. {"timestamp":"2024-08-05T09:13:31.250Z"}
info: Server started at http://localhost:3000 {"timestamp":"2024-08-05T09:13:35.867Z"}
info: Connected to the database. {"timestamp":"2024-08-05T09:13:36.097Z"}
info: Server started at http://localhost:3000 {"timestamp":"2024-08-05T09:13:39.010Z"}
info: Connected to the database. {"timestamp":"2024-08-05T09:13:39.193Z"}
info: Connected to the database. {"timestamp":"2024-08-05T09:13:41.074Z"}
info: Server started at http://localhost:3000 {"timestamp":"2024-08-05T09:13:44.860Z"}
info: Connected to the database. {"timestamp":"2024-08-05T09:13:45.039Z"}
info: Server started at http://localhost:3000 {"timestamp":"2024-08-05T09:13:47.034Z"}
info: Connected to the database. {"timestamp":"2024-08-05T09:13:47.249Z"}
info: Server started at http://localhost:3000 {"timestamp":"2024-08-05T09:13:52.629Z"}
info: Connected to the database. {"timestamp":"2024-08-05T09:13:52.858Z"}
info: Server started at http://localhost:3000 {"timestamp":"2024-08-05T09:13:54.727Z"}
info: Connected to the database. {"timestamp":"2024-08-05T09:13:54.964Z"}
info: Server started at http://localhost:3000 {"timestamp":"2024-08-05T09:13:57.535Z"}
info: Connected to the database. {"timestamp":"2024-08-05T09:13:57.729Z"}
info: Server started at http://localhost:3000 {"timestamp":"2024-08-05T09:14:00.035Z"}
info: Connected to the database. {"timestamp":"2024-08-05T09:14:00.212Z"}
info: Server started at http://localhost:3000 {"timestamp":"2024-08-05T09:14:02.101Z"}
info: Connected to the database. {"timestamp":"2024-08-05T09:14:02.298Z"}
info: Server started at http://localhost:3000 {"timestamp":"2024-08-05T09:14:04.021Z"}
info: Connected to the database. {"timestamp":"2024-08-05T09:14:04.244Z"}
info: Server started at http://localhost:3000 {"timestamp":"2024-08-05T09:14:06.999Z"}
info: Connected to the database. {"timestamp":"2024-08-05T09:14:07.143Z"}
info: Server started at http://localhost:3000 {"timestamp":"2024-08-05T09:14:44.443Z"}
info: Connected to the database. {"timestamp":"2024-08-05T09:14:44.618Z"}
info: Server started at http://localhost:3000 {"timestamp":"2024-08-05T09:14:49.105Z"}
info: Connected to the database. {"timestamp":"2024-08-05T09:14:49.306Z"}
info: Server started at http://localhost:3000 {"timestamp":"2024-08-05T09:14:54.888Z"}
info: Connected to the database. {"timestamp":"2024-08-05T09:14:55.066Z"}
info: Server started at http://localhost:3000 {"timestamp":"2024-08-05T09:14:57.194Z"}
info: Connected to the database. {"timestamp":"2024-08-05T09:14:57.409Z"}
info: Server started at http://localhost:3000 {"timestamp":"2024-08-05T09:15:03.958Z"}
info: Connected to the database. {"timestamp":"2024-08-05T09:15:04.120Z"}
info: Server started at http://localhost:3000 {"timestamp":"2024-08-05T09:15:31.782Z"}
info: Server started at http://localhost:3000 {"timestamp":"2024-08-05T09:15:32.863Z"}
info: Connected to the database. {"timestamp":"2024-08-05T09:15:33.073Z"}
info: Connected to the database. {"timestamp":"2024-08-05T09:15:35.789Z"}
info: Server started at http://localhost:3000 {"timestamp":"2024-08-05T09:15:39.949Z"}
info: Connected to the database. {"timestamp":"2024-08-05T09:15:40.149Z"}
info: Server started at http://localhost:3000 {"timestamp":"2024-08-05T09:15:42.244Z"}
info: Connected to the database. {"timestamp":"2024-08-05T09:15:42.454Z"}
info: Server started at http://localhost:3000 {"timestamp":"2024-08-05T09:15:49.653Z"}
info: Connected to the database. {"timestamp":"2024-08-05T09:15:49.776Z"}
info: Server started at http://localhost:3000 {"timestamp":"2024-08-05T09:15:55.967Z"}
info: Connected to the database. {"timestamp":"2024-08-05T09:15:56.160Z"}
info: Server started at http://localhost:3000 {"timestamp":"2024-08-05T09:16:00.159Z"}
info: Connected to the database. {"timestamp":"2024-08-05T09:16:00.335Z"}
info: Connected to the database. {"timestamp":"2024-08-05T09:16:06.173Z"}
info: Server started at http://localhost:3000 {"timestamp":"2024-08-05T09:16:10.250Z"}
info: Connected to the database. {"timestamp":"2024-08-05T09:16:10.447Z"}
info: Server started at http://localhost:3000 {"timestamp":"2024-08-05T09:16:13.914Z"}
info: Connected to the database. {"timestamp":"2024-08-05T09:16:14.146Z"}
info: Server started at http://localhost:3000 {"timestamp":"2024-08-05T09:16:16.303Z"}
info: Connected to the database. {"timestamp":"2024-08-05T09:16:16.485Z"}
info: Server started at http://localhost:3000 {"timestamp":"2024-08-05T09:16:19.673Z"}
info: Connected to the database. {"timestamp":"2024-08-05T09:16:19.831Z"}
info: Server started at http://localhost:3000 {"timestamp":"2024-08-05T09:16:36.373Z"}
info: Connected to the database. {"timestamp":"2024-08-05T09:16:36.559Z"}
info: Connected to the database. {"timestamp":"2024-08-05T09:16:49.634Z"}
info: Server started at http://localhost:3000 {"timestamp":"2024-08-05T09:16:53.560Z"}
info: Connected to the database. {"timestamp":"2024-08-05T09:16:53.805Z"}
info: Server started at http://localhost:3000 {"timestamp":"2024-08-05T09:17:05.908Z"}
info: Connected to the database. {"timestamp":"2024-08-05T09:17:06.136Z"}
info: Server started at http://localhost:3000 {"timestamp":"2024-08-05T09:17:13.914Z"}
info: Connected to the database. {"timestamp":"2024-08-05T09:17:14.131Z"}
info: Server started at http://localhost:3000 {"timestamp":"2024-08-05T09:17:16.344Z"}
info: Connected to the database. {"timestamp":"2024-08-05T09:17:16.579Z"}
info: Server started at http://localhost:3000 {"timestamp":"2024-08-05T09:17:17.614Z"}
info: Connected to the database. {"timestamp":"2024-08-05T09:17:17.785Z"}
info: Server started at http://localhost:3000 {"timestamp":"2024-08-05T09:21:26.965Z"}
info: Connected to the database. {"timestamp":"2024-08-05T09:21:27.151Z"}
info: Server started at http://localhost:3000 {"timestamp":"2024-08-05T09:21:29.403Z"}
info: Connected to the database. {"timestamp":"2024-08-05T09:21:29.591Z"}
info: Server started at http://localhost:3000 {"timestamp":"2024-08-05T09:21:30.898Z"}
info: Connected to the database. {"timestamp":"2024-08-05T09:21:31.086Z"}
info: Server started at http://localhost:3000 {"timestamp":"2024-08-05T09:22:40.336Z"}
info: Connected to the database. {"timestamp":"2024-08-05T09:22:40.538Z"}
info: Connected to the database. {"timestamp":"2024-08-05T09:22:50.730Z"}
info: Server started at http://localhost:3000 {"timestamp":"2024-08-05T09:22:54.689Z"}
info: Connected to the database. {"timestamp":"2024-08-05T09:22:54.960Z"}
info: Server started at http://localhost:3000 {"timestamp":"2024-08-05T09:23:06.901Z"}
info: Connected to the database. {"timestamp":"2024-08-05T09:23:07.102Z"}
info: Server started at http://localhost:3000 {"timestamp":"2024-08-05T09:23:08.539Z"}
info: Connected to the database. {"timestamp":"2024-08-05T09:23:08.697Z"}
info: Connected to the database. {"timestamp":"2024-08-05T09:23:28.856Z"}
info: Connected to the database. {"timestamp":"2024-08-05T09:23:32.999Z"}
info: Server started at http://localhost:3000 {"timestamp":"2024-08-05T09:23:36.890Z"}
info: Connected to the database. {"timestamp":"2024-08-05T09:23:37.099Z"}
info: Connected to the database. {"timestamp":"2024-08-05T09:24:07.675Z"}
info: Connected to the database. {"timestamp":"2024-08-05T09:24:11.872Z"}
info: Server started at http://localhost:3000 {"timestamp":"2024-08-05T09:24:15.704Z"}
info: Connected to the database. {"timestamp":"2024-08-05T09:24:15.895Z"}
error: 
    status - 500 
    message - ValidationError: "password" must only contain alpha-numeric characters 
    url - /users/login 
    method - POST 
    IP - ::1
   {"timestamp":"2024-08-05T09:25:02.086Z"}
info: Server started at http://localhost:3000 {"timestamp":"2024-08-05T09:25:37.384Z"}
info: Connected to the database. {"timestamp":"2024-08-05T09:25:37.589Z"}
info: Server started at http://localhost:3000 {"timestamp":"2024-08-05T09:25:45.742Z"}
info: Connected to the database. {"timestamp":"2024-08-05T09:25:46.047Z"}
info: Server started at http://localhost:3000 {"timestamp":"2024-08-05T09:25:50.182Z"}
info: Connected to the database. {"timestamp":"2024-08-05T09:25:50.405Z"}
error: 
    status - 500 
    message - ValidationError: "mobile" is not allowed 
    url - /users/2 
    method - PUT 
    IP - ::1
   {"timestamp":"2024-08-05T09:32:33.434Z"}
error: 
    status - 500 
    message - ValidationError: "mobile" is not allowed 
    url - /users/2 
    method - PUT 
    IP - ::1
   {"timestamp":"2024-08-05T09:32:46.905Z"}
info: Server started at http://localhost:3000 {"timestamp":"2024-08-05T09:33:12.323Z"}
info: Connected to the database. {"timestamp":"2024-08-05T09:33:12.528Z"}
info: Connected to the database. {"timestamp":"2024-08-05T09:33:48.906Z"}
info: Server started at http://localhost:3000 {"timestamp":"2024-08-05T09:34:08.718Z"}
info: Connected to the database. {"timestamp":"2024-08-05T09:34:08.922Z"}
info: Server started at http://localhost:3000 {"timestamp":"2024-08-05T09:37:39.106Z"}
info: Connected to the database. {"timestamp":"2024-08-05T09:37:39.319Z"}
error: 
    status - 500 
    message - ValidationError: "mobile" must be less than or equal to 10 
    url - /users/register 
    method - POST 
    IP - ::1
   {"timestamp":"2024-08-05T09:41:06.935Z"}
info: Server started at http://localhost:3000 {"timestamp":"2024-08-05T09:41:42.019Z"}
info: Connected to the database. {"timestamp":"2024-08-05T09:41:42.225Z"}
error: 
    status - 500 
    message - ValidationError: "mobile" must be less than or equal to 11 
    url - /users/register 
    method - POST 
    IP - ::1
   {"timestamp":"2024-08-05T09:41:46.327Z"}
info: Server started at http://localhost:3000 {"timestamp":"2024-08-05T09:42:01.746Z"}
info: Connected to the database. {"timestamp":"2024-08-05T09:42:02.028Z"}
error: 
    status - 500 
    message - Error: Error registering user: Validation error
    at UserService.<anonymous> (C:\Users\Vishal\Documents\BridgeLabz\fundooNotes\fundooNotes\src\services\user.service.ts:23:13)
    at Generator.throw (<anonymous>)
    at rejected (C:\Users\Vishal\Documents\BridgeLabz\fundooNotes\fundooNotes\src\services\user.service.ts:29:65)
    at processTicksAndRejections (node:internal/process/task_queues:95:5) 
    url - /users/register 
    method - POST 
    IP - ::1
   {"timestamp":"2024-08-05T09:42:04.392Z"}
info: Server started at http://localhost:3000 {"timestamp":"2024-08-05T09:48:07.834Z"}
info: Connected to the database. {"timestamp":"2024-08-05T09:48:08.012Z"}
info: Server started at http://localhost:3000 {"timestamp":"2024-08-05T09:48:32.157Z"}
info: Connected to the database. {"timestamp":"2024-08-05T09:48:32.386Z"}
info: Server started at http://localhost:3000 {"timestamp":"2024-08-05T09:48:33.632Z"}
info: Connected to the database. {"timestamp":"2024-08-05T09:48:33.849Z"}
info: Server started at http://localhost:3000 {"timestamp":"2024-08-05T09:48:36.576Z"}
info: Connected to the database. {"timestamp":"2024-08-05T09:48:36.860Z"}
info: Server started at http://localhost:3000 {"timestamp":"2024-08-05T09:48:39.637Z"}
info: Connected to the database. {"timestamp":"2024-08-05T09:48:39.840Z"}
info: Server started at http://localhost:3000 {"timestamp":"2024-08-05T09:49:04.005Z"}
info: Connected to the database. {"timestamp":"2024-08-05T09:49:04.219Z"}
info: Server started at http://localhost:3000 {"timestamp":"2024-08-05T09:55:23.769Z"}
info: Connected to the database. {"timestamp":"2024-08-05T09:55:24.006Z"}
info: Server started at http://localhost:3000 {"timestamp":"2024-08-05T09:55:26.514Z"}
info: Connected to the database. {"timestamp":"2024-08-05T09:55:26.682Z"}
info: Server started at http://localhost:3000 {"timestamp":"2024-08-05T09:55:46.591Z"}
info: Connected to the database. {"timestamp":"2024-08-05T09:55:46.780Z"}
info: Server started at http://localhost:3000 {"timestamp":"2024-08-05T09:55:50.064Z"}
info: Connected to the database. {"timestamp":"2024-08-05T09:55:50.266Z"}
info: Connected to the database. {"timestamp":"2024-08-05T09:55:56.752Z"}
info: Server started at http://localhost:3000 {"timestamp":"2024-08-05T09:56:00.977Z"}
info: Connected to the database. {"timestamp":"2024-08-05T09:56:01.277Z"}
info: Server started at http://localhost:3000 {"timestamp":"2024-08-05T09:57:59.121Z"}
info: Connected to the database. {"timestamp":"2024-08-05T09:57:59.294Z"}
info: Connected to the database. {"timestamp":"2024-08-05T09:58:11.391Z"}
info: Connected to the database. {"timestamp":"2024-08-05T09:58:15.661Z"}
info: Server started at http://localhost:3000 {"timestamp":"2024-08-05T09:58:19.422Z"}
info: Connected to the database. {"timestamp":"2024-08-05T09:58:19.739Z"}
info: Server started at http://localhost:3000 {"timestamp":"2024-08-05T09:58:23.963Z"}
info: Connected to the database. {"timestamp":"2024-08-05T09:58:24.284Z"}
error: 
    status - 500 
    message - Error: 
    at Query.run (C:\Users\Vishal\Documents\BridgeLabz\fundooNotes\fundooNotes\node_modules\sequelize\src\dialects\postgres\query.js:76:25)
    at C:\Users\Vishal\Documents\BridgeLabz\fundooNotes\fundooNotes\node_modules\sequelize\src\sequelize.js:650:28
    at processTicksAndRejections (node:internal/process/task_queues:95:5)
    at PostgresQueryInterface.select (C:\Users\Vishal\Documents\BridgeLabz\fundooNotes\fundooNotes\node_modules\sequelize\src\dialects\abstract\query-interface.js:1001:12)
    at Function.findAll (C:\Users\Vishal\Documents\BridgeLabz\fundooNotes\fundooNotes\node_modules\sequelize\src\model.js:1824:21)
    at Function.findOne (C:\Users\Vishal\Documents\BridgeLabz\fundooNotes\fundooNotes\node_modules\sequelize\src\model.js:1998:12)
    at Function.findByPk (C:\Users\Vishal\Documents\BridgeLabz\fundooNotes\fundooNotes\node_modules\sequelize\src\model.js:1955:12) 
    url - /users/getall 
    method - GET 
    IP - ::1
   {"timestamp":"2024-08-05T09:59:02.153Z"}
info: Server started at http://localhost:3000 {"timestamp":"2024-08-05T09:59:17.790Z"}
info: Connected to the database. {"timestamp":"2024-08-05T09:59:17.964Z"}
info: Server started at http://localhost:3000 {"timestamp":"2024-08-05T09:59:20.043Z"}
info: Connected to the database. {"timestamp":"2024-08-05T09:59:20.247Z"}
error: 
    status - 500 
    message - Error: 
    at Query.run (C:\Users\Vishal\Documents\BridgeLabz\fundooNotes\fundooNotes\node_modules\sequelize\src\dialects\postgres\query.js:76:25)
    at C:\Users\Vishal\Documents\BridgeLabz\fundooNotes\fundooNotes\node_modules\sequelize\src\sequelize.js:650:28
    at processTicksAndRejections (node:internal/process/task_queues:95:5)
    at PostgresQueryInterface.select (C:\Users\Vishal\Documents\BridgeLabz\fundooNotes\fundooNotes\node_modules\sequelize\src\dialects\abstract\query-interface.js:1001:12)
    at Function.findAll (C:\Users\Vishal\Documents\BridgeLabz\fundooNotes\fundooNotes\node_modules\sequelize\src\model.js:1824:21)
    at Function.findOne (C:\Users\Vishal\Documents\BridgeLabz\fundooNotes\fundooNotes\node_modules\sequelize\src\model.js:1998:12)
    at Function.findByPk (C:\Users\Vishal\Documents\BridgeLabz\fundooNotes\fundooNotes\node_modules\sequelize\src\model.js:1955:12) 
    url - /users/getall 
    method - GET 
    IP - ::1
   {"timestamp":"2024-08-05T10:00:03.737Z"}
info: Server started at http://localhost:3000 {"timestamp":"2024-08-05T10:03:18.600Z"}
info: Connected to the database. {"timestamp":"2024-08-05T10:03:18.842Z"}
info: Server started at http://localhost:3000 {"timestamp":"2024-08-05T10:04:17.399Z"}
info: Connected to the database. {"timestamp":"2024-08-05T10:04:17.602Z"}
info: Server started at http://localhost:3000 {"timestamp":"2024-08-05T10:04:19.831Z"}
info: Connected to the database. {"timestamp":"2024-08-05T10:04:20.044Z"}
error: 
    status - 500 
    message - Error: 
    at Query.run (C:\Users\Vishal\Documents\BridgeLabz\fundooNotes\fundooNotes\node_modules\sequelize\src\dialects\postgres\query.js:76:25)
    at C:\Users\Vishal\Documents\BridgeLabz\fundooNotes\fundooNotes\node_modules\sequelize\src\sequelize.js:650:28
    at processTicksAndRejections (node:internal/process/task_queues:95:5)
    at PostgresQueryInterface.select (C:\Users\Vishal\Documents\BridgeLabz\fundooNotes\fundooNotes\node_modules\sequelize\src\dialects\abstract\query-interface.js:1001:12)
    at Function.findAll (C:\Users\Vishal\Documents\BridgeLabz\fundooNotes\fundooNotes\node_modules\sequelize\src\model.js:1824:21)
    at Function.findOne (C:\Users\Vishal\Documents\BridgeLabz\fundooNotes\fundooNotes\node_modules\sequelize\src\model.js:1998:12)
    at Function.findByPk (C:\Users\Vishal\Documents\BridgeLabz\fundooNotes\fundooNotes\node_modules\sequelize\src\model.js:1955:12) 
    url - /users/allusers 
    method - GET 
    IP - ::1
   {"timestamp":"2024-08-05T10:04:32.167Z"}
error: 
    status - 500 
    message - Error: 
    at Query.run (C:\Users\Vishal\Documents\BridgeLabz\fundooNotes\fundooNotes\node_modules\sequelize\src\dialects\postgres\query.js:76:25)
    at C:\Users\Vishal\Documents\BridgeLabz\fundooNotes\fundooNotes\node_modules\sequelize\src\sequelize.js:650:28
    at processTicksAndRejections (node:internal/process/task_queues:95:5)
    at PostgresQueryInterface.select (C:\Users\Vishal\Documents\BridgeLabz\fundooNotes\fundooNotes\node_modules\sequelize\src\dialects\abstract\query-interface.js:1001:12)
    at Function.findAll (C:\Users\Vishal\Documents\BridgeLabz\fundooNotes\fundooNotes\node_modules\sequelize\src\model.js:1824:21)
    at Function.findOne (C:\Users\Vishal\Documents\BridgeLabz\fundooNotes\fundooNotes\node_modules\sequelize\src\model.js:1998:12)
    at Function.findByPk (C:\Users\Vishal\Documents\BridgeLabz\fundooNotes\fundooNotes\node_modules\sequelize\src\model.js:1955:12) 
    url - /users/getall 
    method - GET 
    IP - ::1
   {"timestamp":"2024-08-05T10:06:26.214Z"}
error: 
    status - 500 
    message - Error: 
    at Query.run (C:\Users\Vishal\Documents\BridgeLabz\fundooNotes\fundooNotes\node_modules\sequelize\src\dialects\postgres\query.js:76:25)
    at C:\Users\Vishal\Documents\BridgeLabz\fundooNotes\fundooNotes\node_modules\sequelize\src\sequelize.js:650:28
    at processTicksAndRejections (node:internal/process/task_queues:95:5)
    at PostgresQueryInterface.select (C:\Users\Vishal\Documents\BridgeLabz\fundooNotes\fundooNotes\node_modules\sequelize\src\dialects\abstract\query-interface.js:1001:12)
    at Function.findAll (C:\Users\Vishal\Documents\BridgeLabz\fundooNotes\fundooNotes\node_modules\sequelize\src\model.js:1824:21)
    at Function.findOne (C:\Users\Vishal\Documents\BridgeLabz\fundooNotes\fundooNotes\node_modules\sequelize\src\model.js:1998:12)
    at Function.findByPk (C:\Users\Vishal\Documents\BridgeLabz\fundooNotes\fundooNotes\node_modules\sequelize\src\model.js:1955:12) 
    url - /users/getall 
    method - GET 
    IP - ::1
   {"timestamp":"2024-08-05T10:16:12.429Z"}
error: 
    status - 500 
    message - Error: 
    at Query.run (C:\Users\Vishal\Documents\BridgeLabz\fundooNotes\fundooNotes\node_modules\sequelize\src\dialects\postgres\query.js:76:25)
    at C:\Users\Vishal\Documents\BridgeLabz\fundooNotes\fundooNotes\node_modules\sequelize\src\sequelize.js:650:28
    at processTicksAndRejections (node:internal/process/task_queues:95:5)
    at PostgresQueryInterface.select (C:\Users\Vishal\Documents\BridgeLabz\fundooNotes\fundooNotes\node_modules\sequelize\src\dialects\abstract\query-interface.js:1001:12)
    at Function.findAll (C:\Users\Vishal\Documents\BridgeLabz\fundooNotes\fundooNotes\node_modules\sequelize\src\model.js:1824:21)
    at Function.findOne (C:\Users\Vishal\Documents\BridgeLabz\fundooNotes\fundooNotes\node_modules\sequelize\src\model.js:1998:12)
    at Function.findByPk (C:\Users\Vishal\Documents\BridgeLabz\fundooNotes\fundooNotes\node_modules\sequelize\src\model.js:1955:12) 
    url - /users/allusers 
    method - GET 
    IP - ::1
   {"timestamp":"2024-08-05T10:16:27.900Z"}
info: Connected to the database. {"timestamp":"2024-08-05T10:16:45.308Z"}
info: Server started at http://localhost:3000 {"timestamp":"2024-08-05T10:16:49.880Z"}
info: Connected to the database. {"timestamp":"2024-08-05T10:16:50.132Z"}
info: Server started at http://localhost:3000 {"timestamp":"2024-08-05T10:17:28.290Z"}
info: Connected to the database. {"timestamp":"2024-08-05T10:17:28.539Z"}
info: Server started at http://localhost:3000 {"timestamp":"2024-08-05T10:17:45.753Z"}
info: Connected to the database. {"timestamp":"2024-08-05T10:17:45.992Z"}
info: Server started at http://localhost:3000 {"timestamp":"2024-08-05T10:18:26.699Z"}
info: Connected to the database. {"timestamp":"2024-08-05T10:18:26.888Z"}
info: Server started at http://localhost:3000 {"timestamp":"2024-08-05T10:18:29.302Z"}
info: Connected to the database. {"timestamp":"2024-08-05T10:18:29.529Z"}
error: 
    status - 500 
    message - Error: 
    at Query.run (C:\Users\Vishal\Documents\BridgeLabz\fundooNotes\fundooNotes\node_modules\sequelize\src\dialects\postgres\query.js:76:25)
    at C:\Users\Vishal\Documents\BridgeLabz\fundooNotes\fundooNotes\node_modules\sequelize\src\sequelize.js:650:28
    at processTicksAndRejections (node:internal/process/task_queues:95:5)
    at PostgresQueryInterface.select (C:\Users\Vishal\Documents\BridgeLabz\fundooNotes\fundooNotes\node_modules\sequelize\src\dialects\abstract\query-interface.js:1001:12)
    at Function.findAll (C:\Users\Vishal\Documents\BridgeLabz\fundooNotes\fundooNotes\node_modules\sequelize\src\model.js:1824:21)
    at Function.findOne (C:\Users\Vishal\Documents\BridgeLabz\fundooNotes\fundooNotes\node_modules\sequelize\src\model.js:1998:12)
    at Function.findByPk (C:\Users\Vishal\Documents\BridgeLabz\fundooNotes\fundooNotes\node_modules\sequelize\src\model.js:1955:12) 
    url - /users/allusers 
    method - GET 
    IP - ::1
   {"timestamp":"2024-08-05T10:18:50.665Z"}
info: Server started at http://localhost:3000 {"timestamp":"2024-08-05T10:25:25.022Z"}
info: Connected to the database. {"timestamp":"2024-08-05T10:25:25.245Z"}
info: Server started at http://localhost:3000 {"timestamp":"2024-08-05T10:25:28.166Z"}
info: Connected to the database. {"timestamp":"2024-08-05T10:25:28.489Z"}
info: Server started at http://localhost:3000 {"timestamp":"2024-08-05T10:25:30.957Z"}
info: Connected to the database. {"timestamp":"2024-08-05T10:25:31.198Z"}
info: Server started at http://localhost:3000 {"timestamp":"2024-08-05T10:25:32.987Z"}
info: Connected to the database. {"timestamp":"2024-08-05T10:25:33.291Z"}
info: Server started at http://localhost:3000 {"timestamp":"2024-08-05T10:25:35.844Z"}
info: Server started at http://localhost:3000 {"timestamp":"2024-08-05T10:25:37.286Z"}
info: Connected to the database. {"timestamp":"2024-08-05T10:25:37.483Z"}
error: 
    status - 500 
    message - Error: 
    at Query.run (C:\Users\Vishal\Documents\BridgeLabz\fundooNotes\fundooNotes\node_modules\sequelize\src\dialects\postgres\query.js:76:25)
    at C:\Users\Vishal\Documents\BridgeLabz\fundooNotes\fundooNotes\node_modules\sequelize\src\sequelize.js:650:28
    at processTicksAndRejections (node:internal/process/task_queues:95:5)
    at PostgresQueryInterface.select (C:\Users\Vishal\Documents\BridgeLabz\fundooNotes\fundooNotes\node_modules\sequelize\src\dialects\abstract\query-interface.js:1001:12)
    at Function.findAll (C:\Users\Vishal\Documents\BridgeLabz\fundooNotes\fundooNotes\node_modules\sequelize\src\model.js:1824:21)
    at Function.findOne (C:\Users\Vishal\Documents\BridgeLabz\fundooNotes\fundooNotes\node_modules\sequelize\src\model.js:1998:12)
    at Function.findByPk (C:\Users\Vishal\Documents\BridgeLabz\fundooNotes\fundooNotes\node_modules\sequelize\src\model.js:1955:12) 
    url - /users/allusers 
    method - GET 
    IP - ::1
   {"timestamp":"2024-08-05T10:26:11.189Z"}
info: Server started at http://localhost:3000 {"timestamp":"2024-08-05T10:26:52.011Z"}
info: Connected to the database. {"timestamp":"2024-08-05T10:26:52.300Z"}
info: Connected to the database. {"timestamp":"2024-08-05T10:32:14.835Z"}
info: Connected to the database. {"timestamp":"2024-08-05T10:32:22.960Z"}
info: Connected to the database. {"timestamp":"2024-08-05T10:32:36.934Z"}
info: Connected to the database. {"timestamp":"2024-08-05T10:32:41.906Z"}
info: Connected to the database. {"timestamp":"2024-08-05T10:33:09.369Z"}
info: Connected to the database. {"timestamp":"2024-08-05T10:33:13.675Z"}
info: Connected to the database. {"timestamp":"2024-08-05T10:33:18.854Z"}
info: Connected to the database. {"timestamp":"2024-08-05T10:33:22.882Z"}
info: Connected to the database. {"timestamp":"2024-08-05T10:33:28.524Z"}
info: Connected to the database. {"timestamp":"2024-08-05T10:33:33.008Z"}
info: Server started at http://localhost:3000 {"timestamp":"2024-08-05T10:33:36.810Z"}
info: Connected to the database. {"timestamp":"2024-08-05T10:33:37.086Z"}
info: Server started at http://localhost:3000 {"timestamp":"2024-08-05T10:33:43.180Z"}
info: Connected to the database. {"timestamp":"2024-08-05T10:33:43.335Z"}
info: Server started at http://localhost:3000 {"timestamp":"2024-08-05T10:37:22.338Z"}
info: Connected to the database. {"timestamp":"2024-08-05T10:37:22.622Z"}
info: Server started at http://localhost:3000 {"timestamp":"2024-08-05T10:37:37.049Z"}
info: Connected to the database. {"timestamp":"2024-08-05T10:37:37.347Z"}
info: Server started at http://localhost:3000 {"timestamp":"2024-08-05T10:37:50.415Z"}
info: Connected to the database. {"timestamp":"2024-08-05T10:37:50.611Z"}
info: Server started at http://localhost:3000 {"timestamp":"2024-08-05T10:37:53.513Z"}
info: Connected to the database. {"timestamp":"2024-08-05T10:37:53.713Z"}
info: Server started at http://localhost:3000 {"timestamp":"2024-08-05T10:38:00.775Z"}
info: Connected to the database. {"timestamp":"2024-08-05T10:38:00.917Z"}
info: Server started at http://localhost:3000 {"timestamp":"2024-08-05T10:38:10.872Z"}
info: Connected to the database. {"timestamp":"2024-08-05T10:38:11.122Z"}
info: Server started at http://localhost:3000 {"timestamp":"2024-08-05T10:38:18.205Z"}
info: Connected to the database. {"timestamp":"2024-08-05T10:38:18.424Z"}
info: Server started at http://localhost:3000 {"timestamp":"2024-08-05T10:38:20.883Z"}
info: Connected to the database. {"timestamp":"2024-08-05T10:38:21.127Z"}
info: Server started at http://localhost:3000 {"timestamp":"2024-08-05T10:38:23.905Z"}
info: Connected to the database. {"timestamp":"2024-08-05T10:38:24.063Z"}
info: Server started at http://localhost:3000 {"timestamp":"2024-08-05T10:38:26.248Z"}
info: Connected to the database. {"timestamp":"2024-08-05T10:38:26.473Z"}
info: Server started at http://localhost:3000 {"timestamp":"2024-08-05T10:38:38.906Z"}
info: Connected to the database. {"timestamp":"2024-08-05T10:38:39.231Z"}
info: Server started at http://localhost:3000 {"timestamp":"2024-08-05T10:38:42.128Z"}
info: Connected to the database. {"timestamp":"2024-08-05T10:38:42.430Z"}
info: Server started at http://localhost:3000 {"timestamp":"2024-08-05T10:38:48.489Z"}
info: Connected to the database. {"timestamp":"2024-08-05T10:38:48.676Z"}
info: Server started at http://localhost:3000 {"timestamp":"2024-08-05T10:38:50.939Z"}
info: Connected to the database. {"timestamp":"2024-08-05T10:38:51.135Z"}
info: Server started at http://localhost:3000 {"timestamp":"2024-08-05T10:38:53.570Z"}
info: Connected to the database. {"timestamp":"2024-08-05T10:38:53.777Z"}
info: Server started at http://localhost:3000 {"timestamp":"2024-08-05T10:38:56.684Z"}
info: Connected to the database. {"timestamp":"2024-08-05T10:38:57.023Z"}
info: Server started at http://localhost:3000 {"timestamp":"2024-08-05T10:38:59.637Z"}
info: Connected to the database. {"timestamp":"2024-08-05T10:38:59.846Z"}
info: Server started at http://localhost:3000 {"timestamp":"2024-08-05T10:39:02.201Z"}
info: Connected to the database. {"timestamp":"2024-08-05T10:39:02.411Z"}
info: Server started at http://localhost:3000 {"timestamp":"2024-08-05T10:39:12.227Z"}
info: Connected to the database. {"timestamp":"2024-08-05T10:39:12.484Z"}
info: Server started at http://localhost:3000 {"timestamp":"2024-08-05T10:39:17.084Z"}
info: Connected to the database. {"timestamp":"2024-08-05T10:39:17.309Z"}
info: Server started at http://localhost:3000 {"timestamp":"2024-08-05T10:39:21.002Z"}
info: Connected to the database. {"timestamp":"2024-08-05T10:39:21.157Z"}
info: Server started at http://localhost:3000 {"timestamp":"2024-08-05T10:39:22.853Z"}
info: Connected to the database. {"timestamp":"2024-08-05T10:39:23.056Z"}
info: Server started at http://localhost:3000 {"timestamp":"2024-08-05T10:39:27.110Z"}
info: Connected to the database. {"timestamp":"2024-08-05T10:39:27.357Z"}
info: Server started at http://localhost:3000 {"timestamp":"2024-08-05T10:39:30.441Z"}
info: Connected to the database. {"timestamp":"2024-08-05T10:39:30.710Z"}
info: Server started at http://localhost:3000 {"timestamp":"2024-08-05T10:39:32.823Z"}
info: Connected to the database. {"timestamp":"2024-08-05T10:39:33.034Z"}
info: Server started at http://localhost:3000 {"timestamp":"2024-08-05T10:39:40.093Z"}
info: Connected to the database. {"timestamp":"2024-08-05T10:39:40.302Z"}
info: Server started at http://localhost:3000 {"timestamp":"2024-08-05T10:39:55.187Z"}
info: Connected to the database. {"timestamp":"2024-08-05T10:39:55.403Z"}
info: Server started at http://localhost:3000 {"timestamp":"2024-08-05T10:39:58.239Z"}
info: Connected to the database. {"timestamp":"2024-08-05T10:39:58.393Z"}
info: Server started at http://localhost:3000 {"timestamp":"2024-08-05T10:40:06.407Z"}
info: Connected to the database. {"timestamp":"2024-08-05T10:40:06.735Z"}
info: Server started at http://localhost:3000 {"timestamp":"2024-08-05T10:40:08.997Z"}
info: Connected to the database. {"timestamp":"2024-08-05T10:40:09.144Z"}
info: Server started at http://localhost:3000 {"timestamp":"2024-08-05T10:40:10.910Z"}
info: Connected to the database. {"timestamp":"2024-08-05T10:40:11.199Z"}
info: Server started at http://localhost:3000 {"timestamp":"2024-08-05T10:40:14.387Z"}
info: Connected to the database. {"timestamp":"2024-08-05T10:40:14.531Z"}
info: Server started at http://localhost:3000 {"timestamp":"2024-08-05T10:40:16.362Z"}
info: Connected to the database. {"timestamp":"2024-08-05T10:40:16.493Z"}
info: Server started at http://localhost:3000 {"timestamp":"2024-08-05T10:40:27.254Z"}
info: Connected to the database. {"timestamp":"2024-08-05T10:40:27.529Z"}
info: Server started at http://localhost:3000 {"timestamp":"2024-08-05T10:40:32.780Z"}
info: Connected to the database. {"timestamp":"2024-08-05T10:40:33.004Z"}
info: Server started at http://localhost:3000 {"timestamp":"2024-08-05T10:41:01.647Z"}
info: Connected to the database. {"timestamp":"2024-08-05T10:41:01.849Z"}
info: Server started at http://localhost:3000 {"timestamp":"2024-08-05T10:41:06.942Z"}
info: Connected to the database. {"timestamp":"2024-08-05T10:41:07.181Z"}
info: Server started at http://localhost:3000 {"timestamp":"2024-08-05T10:41:16.580Z"}
info: Connected to the database. {"timestamp":"2024-08-05T10:41:16.861Z"}
info: Server started at http://localhost:3000 {"timestamp":"2024-08-05T10:41:21.290Z"}
info: Connected to the database. {"timestamp":"2024-08-05T10:41:21.528Z"}
info: Server started at http://localhost:3000 {"timestamp":"2024-08-05T10:41:26.362Z"}
info: Connected to the database. {"timestamp":"2024-08-05T10:41:26.505Z"}
info: Server started at http://localhost:3000 {"timestamp":"2024-08-05T10:41:30.461Z"}
info: Connected to the database. {"timestamp":"2024-08-05T10:41:30.709Z"}
info: Server started at http://localhost:3000 {"timestamp":"2024-08-05T10:41:37.469Z"}
info: Connected to the database. {"timestamp":"2024-08-05T10:41:37.731Z"}
info: Server started at http://localhost:3000 {"timestamp":"2024-08-05T10:41:47.538Z"}
info: Connected to the database. {"timestamp":"2024-08-05T10:41:47.704Z"}
info: Server started at http://localhost:3000 {"timestamp":"2024-08-05T10:42:27.179Z"}
info: Connected to the database. {"timestamp":"2024-08-05T10:42:27.439Z"}
info: Server started at http://localhost:3000 {"timestamp":"2024-08-05T10:43:42.358Z"}
info: Connected to the database. {"timestamp":"2024-08-05T10:43:42.488Z"}
info: Server started at http://localhost:3000 {"timestamp":"2024-08-05T10:43:45.722Z"}
info: Connected to the database. {"timestamp":"2024-08-05T10:43:45.953Z"}
info: Server started at http://localhost:3000 {"timestamp":"2024-08-05T10:44:19.868Z"}
info: Connected to the database. {"timestamp":"2024-08-05T10:44:19.993Z"}
info: Server started at http://localhost:3000 {"timestamp":"2024-08-05T10:44:24.383Z"}
info: Connected to the database. {"timestamp":"2024-08-05T10:44:24.493Z"}
info: Server started at http://localhost:3000 {"timestamp":"2024-08-05T10:44:37.239Z"}
info: Connected to the database. {"timestamp":"2024-08-05T10:44:37.337Z"}
