info: ::1 - - [01/Aug/2024:06:21:16 +0000] "GET /api/v1/ HTTP/1.1" 200 29 "-" "Mozilla/5.0 (Windows NT 10.0; Win64; x64) AppleWebKit/537.36 (KHTML, like Gecko) Chrome/127.0.0.0 Safari/537.36 Edg/127.0.0.0"

info: ::1 - - [01/Aug/2024:06:22:33 +0000] "GET /api/v1/ HTTP/1.1" 404 47 "-" "Mozilla/5.0 (Windows NT 10.0; Win64; x64) AppleWebKit/537.36 (KHTML, like Gecko) Chrome/127.0.0.0 Safari/537.36 Edg/127.0.0.0"

info: ::1 - - [01/Aug/2024:06:22:37 +0000] "GET / HTTP/1.1" 200 29 "-" "Mozilla/5.0 (Windows NT 10.0; Win64; x64) AppleWebKit/537.36 (KHTML, like Gecko) Chrome/127.0.0.0 Safari/537.36 Edg/127.0.0.0"

info: ::1 - - [01/Aug/2024:06:24:12 +0000] "GET / HTTP/1.1" 304 - "-" "Mozilla/5.0 (Windows NT 10.0; Win64; x64) AppleWebKit/537.36 (KHTML, like Gecko) Chrome/127.0.0.0 Safari/537.36 Edg/127.0.0.0"

info: ::1 - - [01/Aug/2024:06:24:26 +0000] "GET / HTTP/1.1" 200 29 "-" "PostmanRuntime/7.40.0"

info: ::1 - - [01/Aug/2024:06:32:29 +0000] "POST /register HTTP/1.1" 404 47 "-" "PostmanRuntime/7.40.0"

info: ::1 - - [01/Aug/2024:06:33:06 +0000] "POST /register HTTP/1.1" 404 47 "-" "PostmanRuntime/7.40.0"

info: ::1 - - [01/Aug/2024:06:33:26 +0000] "POST /register HTTP/1.1" 500 107 "-" "PostmanRuntime/7.40.0"

info: ::1 - - [01/Aug/2024:06:35:35 +0000] "POST /register HTTP/1.1" 500 107 "-" "PostmanRuntime/7.40.0"

info: ::1 - - [01/Aug/2024:06:43:00 +0000] "POST /register HTTP/1.1" 500 87 "-" "PostmanRuntime/7.40.0"

info: ::1 - - [01/Aug/2024:06:43:16 +0000] "POST / HTTP/1.1" 404 47 "-" "PostmanRuntime/7.40.0"

info: ::1 - - [01/Aug/2024:06:43:48 +0000] "POST / HTTP/1.1" 404 47 "-" "PostmanRuntime/7.40.0"

info: ::1 - - [01/Aug/2024:06:43:55 +0000] "POST /register HTTP/1.1" 500 87 "-" "PostmanRuntime/7.40.0"

info: ::1 - - [01/Aug/2024:06:44:03 +0000] "POST /register HTTP/1.1" 201 209 "-" "PostmanRuntime/7.40.0"

info: ::1 - - [01/Aug/2024:06:47:29 +0000] "POST /register HTTP/1.1" 500 87 "-" "PostmanRuntime/7.40.0"

info: ::1 - - [01/Aug/2024:06:50:54 +0000] "POST /register HTTP/1.1" 201 217 "-" "PostmanRuntime/7.40.0"

info: ::1 - - [01/Aug/2024:06:51:51 +0000] "POST /register HTTP/1.1" 201 217 "-" "PostmanRuntime/7.40.0"

info: ::1 - - [01/Aug/2024:06:52:30 +0000] "POST /register HTTP/1.1" 201 217 "-" "PostmanRuntime/7.40.0"

info: ::1 - - [01/Aug/2024:06:53:28 +0000] "POST /register HTTP/1.1" 201 219 "-" "PostmanRuntime/7.40.0"

info: ::1 - - [01/Aug/2024:07:11:03 +0000] "POST /users/register HTTP/1.1" 201 215 "-" "PostmanRuntime/7.40.0"

info: ::1 - - [01/Aug/2024:07:20:44 +0000] "POST /users/login HTTP/1.1" 200 214 "-" "PostmanRuntime/7.40.0"

info: ::1 - - [01/Aug/2024:07:40:22 +0000] "POST /users/login HTTP/1.1" 200 60 "-" "PostmanRuntime/7.40.0"

info: ::1 - - [01/Aug/2024:07:44:31 +0000] "POST /users/login HTTP/1.1" 200 60 "-" "PostmanRuntime/7.40.0"

info: ::1 - - [01/Aug/2024:07:44:43 +0000] "GET /users/login HTTP/1.1" 404 47 "-" "PostmanRuntime/7.40.0"

info: ::1 - - [01/Aug/2024:07:44:49 +0000] "POST /users/login HTTP/1.1" 200 60 "-" "PostmanRuntime/7.40.0"

info: ::1 - - [01/Aug/2024:07:48:23 +0000] "POST /users/login HTTP/1.1" 200 60 "-" "PostmanRuntime/7.40.0"

info: ::1 - - [01/Aug/2024:07:50:44 +0000] "POST /users/login HTTP/1.1" 200 48 "-" "PostmanRuntime/7.40.0"

info: ::1 - - [01/Aug/2024:07:50:58 +0000] "POST /users/login HTTP/1.1" 200 48 "-" "PostmanRuntime/7.40.0"

info: ::1 - - [01/Aug/2024:07:52:00 +0000] "POST /users/login HTTP/1.1" 200 84 "-" "PostmanRuntime/7.40.0"

info: ::1 - - [01/Aug/2024:07:52:31 +0000] "POST /users/login HTTP/1.1" 200 84 "-" "PostmanRuntime/7.40.0"

info: ::1 - - [01/Aug/2024:07:53:07 +0000] "POST /users/login HTTP/1.1" 200 84 "-" "PostmanRuntime/7.40.0"

info: ::1 - - [01/Aug/2024:07:53:14 +0000] "POST /users/login HTTP/1.1" 200 212 "-" "PostmanRuntime/7.40.0"

info: ::1 - - [01/Aug/2024:07:53:23 +0000] "POST /users/login HTTP/1.1" 200 84 "-" "PostmanRuntime/7.40.0"

info: ::1 - - [01/Aug/2024:07:55:15 +0000] "POST /users/login HTTP/1.1" 200 48 "-" "PostmanRuntime/7.40.0"

info: ::1 - - [01/Aug/2024:07:55:28 +0000] "POST /users/login HTTP/1.1" 200 176 "-" "PostmanRuntime/7.40.0"

info: ::1 - - [01/Aug/2024:07:57:07 +0000] "POST /users/login HTTP/1.1" 200 176 "-" "PostmanRuntime/7.40.0"

info: ::1 - - [01/Aug/2024:07:58:49 +0000] "POST /users/login HTTP/1.1" 200 212 "-" "PostmanRuntime/7.40.0"

info: ::1 - - [01/Aug/2024:07:59:40 +0000] "POST /users/login HTTP/1.1" 200 84 "-" "PostmanRuntime/7.40.0"

info: ::1 - - [01/Aug/2024:08:00:34 +0000] "POST /users/login HTTP/1.1" 200 84 "-" "PostmanRuntime/7.40.0"

info: ::1 - - [01/Aug/2024:08:02:46 +0000] "POST /users/login HTTP/1.1" 200 84 "-" "PostmanRuntime/7.40.0"

info: ::1 - - [01/Aug/2024:08:03:52 +0000] "POST /users/login HTTP/1.1" 200 84 "-" "PostmanRuntime/7.40.0"

info: ::1 - - [01/Aug/2024:08:04:14 +0000] "POST /users/login HTTP/1.1" 200 84 "-" "PostmanRuntime/7.40.0"

info: ::1 - - [01/Aug/2024:08:04:25 +0000] "POST /users/login HTTP/1.1" 200 214 "-" "PostmanRuntime/7.40.0"

info: ::1 - - [01/Aug/2024:08:06:34 +0000] "POST /users/login HTTP/1.1" 200 214 "-" "PostmanRuntime/7.40.0"

info: ::1 - - [01/Aug/2024:08:06:40 +0000] "POST /users/login HTTP/1.1" 200 84 "-" "PostmanRuntime/7.40.0"

info: ::1 - - [01/Aug/2024:08:53:22 +0000] "POST /users/login HTTP/1.1" 200 84 "-" "PostmanRuntime/7.40.0"

info: ::1 - - [01/Aug/2024:08:54:08 +0000] "POST /users/login HTTP/1.1" 200 214 "-" "PostmanRuntime/7.40.0"

info: ::1 - - [01/Aug/2024:08:54:22 +0000] "POST /users/login HTTP/1.1" 200 214 "-" "PostmanRuntime/7.40.0"

info: ::1 - - [01/Aug/2024:08:54:43 +0000] "POST /users/login HTTP/1.1" 200 214 "-" "PostmanRuntime/7.40.0"

info: ::1 - - [01/Aug/2024:08:55:10 +0000] "POST /users/login HTTP/1.1" 200 214 "-" "PostmanRuntime/7.40.0"

info: ::1 - - [01/Aug/2024:08:55:35 +0000] "POST /users/login HTTP/1.1" 200 84 "-" "PostmanRuntime/7.40.0"

info: ::1 - - [01/Aug/2024:10:51:22 +0000] "POST /users/login HTTP/1.1" 200 214 "-" "PostmanRuntime/7.40.0"

info: ::1 - - [01/Aug/2024:10:52:18 +0000] "POST /users/register HTTP/1.1" 500 117 "-" "PostmanRuntime/7.40.0"

info: ::1 - - [01/Aug/2024:10:53:53 +0000] "POST /users/register HTTP/1.1" 500 117 "-" "PostmanRuntime/7.40.0"

info: ::1 - - [01/Aug/2024:10:54:03 +0000] "POST /users/register HTTP/1.1" 500 117 "-" "PostmanRuntime/7.40.0"

info: ::1 - - [01/Aug/2024:10:56:00 +0000] "POST /users/register HTTP/1.1" 500 117 "-" "PostmanRuntime/7.40.0"

info: ::1 - - [01/Aug/2024:10:57:42 +0000] "POST /users/register HTTP/1.1" 201 269 "-" "PostmanRuntime/7.40.0"

info: ::1 - - [01/Aug/2024:11:08:10 +0000] "POST /users/login HTTP/1.1" 200 60 "-" "PostmanRuntime/7.40.0"

info: ::1 - - [01/Aug/2024:11:08:18 +0000] "POST /users/login HTTP/1.1" 200 84 "-" "PostmanRuntime/7.40.0"

info: ::1 - - [01/Aug/2024:11:08:28 +0000] "POST /users/login HTTP/1.1" 200 61 "-" "PostmanRuntime/7.40.0"

info: ::1 - - [01/Aug/2024:11:09:59 +0000] "POST /users/login HTTP/1.1" 200 61 "-" "PostmanRuntime/7.40.0"

info: ::1 - - [01/Aug/2024:11:10:30 +0000] "POST /users/login HTTP/1.1" 200 266 "-" "PostmanRuntime/7.40.0"

info: ::1 - - [01/Aug/2024:11:10:42 +0000] "POST /users/login HTTP/1.1" 200 266 "-" "PostmanRuntime/7.40.0"

info: ::1 - - [01/Aug/2024:11:10:50 +0000] "POST /users/login HTTP/1.1" 500 61 "-" "PostmanRuntime/7.40.0"

info: ::1 - - [01/Aug/2024:11:11:05 +0000] "POST /users/login HTTP/1.1" 200 266 "-" "PostmanRuntime/7.40.0"

info: ::1 - - [01/Aug/2024:11:11:36 +0000] "POST /users/login HTTP/1.1" 200 266 "-" "PostmanRuntime/7.40.0"

info: ::1 - - [01/Aug/2024:11:11:42 +0000] "POST /users/login HTTP/1.1" 200 266 "-" "PostmanRuntime/7.40.0"

info: ::1 - - [01/Aug/2024:11:11:48 +0000] "POST /users/login HTTP/1.1" 200 266 "-" "PostmanRuntime/7.40.0"

info: ::1 - - [01/Aug/2024:11:16:19 +0000] "POST /users/login HTTP/1.1" 200 48 "-" "PostmanRuntime/7.40.0"

info: ::1 - - [01/Aug/2024:11:16:38 +0000] "POST /users/login HTTP/1.1" 200 48 "-" "PostmanRuntime/7.40.0"

info: ::1 - - [01/Aug/2024:11:17:09 +0000] "POST /users/login HTTP/1.1" 200 48 "-" "PostmanRuntime/7.40.0"

info: ::1 - - [01/Aug/2024:11:17:45 +0000] "POST /users/login HTTP/1.1" 200 266 "-" "PostmanRuntime/7.40.0"

info: ::1 - - [01/Aug/2024:11:18:06 +0000] "POST /users/login HTTP/1.1" 200 48 "-" "PostmanRuntime/7.40.0"

info: ::1 - - [01/Aug/2024:11:19:46 +0000] "POST /users/login HTTP/1.1" - - "-" "PostmanRuntime/7.40.0"

info: ::1 - - [01/Aug/2024:11:19:50 +0000] "POST /users/login HTTP/1.1" - - "-" "PostmanRuntime/7.40.0"

info: ::1 - - [01/Aug/2024:11:19:59 +0000] "POST /users/login HTTP/1.1" 200 266 "-" "PostmanRuntime/7.40.0"

info: ::1 - - [01/Aug/2024:11:21:26 +0000] "POST /users/login HTTP/1.1" 200 48 "-" "PostmanRuntime/7.40.0"

info: ::1 - - [01/Aug/2024:11:21:52 +0000] "POST /users/login HTTP/1.1" 200 266 "-" "PostmanRuntime/7.40.0"

info: ::1 - - [01/Aug/2024:11:21:57 +0000] "POST /users/login HTTP/1.1" 200 60 "-" "PostmanRuntime/7.40.0"

info: ::1 - - [01/Aug/2024:11:22:11 +0000] "POST /users/login HTTP/1.1" 200 84 "-" "PostmanRuntime/7.40.0"

info: ::1 - - [01/Aug/2024:11:22:35 +0000] "POST /users/login HTTP/1.1" 200 84 "-" "PostmanRuntime/7.40.0"

info: ::1 - - [01/Aug/2024:11:32:03 +0000] "POST /users/login HTTP/1.1" 200 261 "-" "PostmanRuntime/7.40.0"

info: ::1 - - [01/Aug/2024:11:32:10 +0000] "POST /users/login HTTP/1.1" 200 255 "-" "PostmanRuntime/7.40.0"

info: ::1 - - [01/Aug/2024:11:32:21 +0000] "POST /users/login HTTP/1.1" 500 61 "-" "PostmanRuntime/7.40.0"

info: ::1 - - [01/Aug/2024:11:34:08 +0000] "POST /users/login HTTP/1.1" 200 261 "-" "PostmanRuntime/7.40.0"

info: ::1 - - [01/Aug/2024:11:34:44 +0000] "POST /users/login HTTP/1.1" 500 61 "-" "PostmanRuntime/7.40.0"

info: ::1 - - [01/Aug/2024:11:35:14 +0000] "POST /users/login HTTP/1.1" 500 61 "-" "PostmanRuntime/7.40.0"

info: ::1 - - [01/Aug/2024:11:36:35 +0000] "POST /users/login HTTP/1.1" 500 82 "-" "PostmanRuntime/7.40.0"

info: ::1 - - [01/Aug/2024:11:39:31 +0000] "POST /users/login HTTP/1.1" 500 87 "-" "PostmanRuntime/7.40.0"

info: ::1 - - [01/Aug/2024:11:40:43 +0000] "POST /users/login HTTP/1.1" 200 50 "-" "PostmanRuntime/7.40.0"

info: ::1 - - [01/Aug/2024:11:40:50 +0000] "POST /users/login HTTP/1.1" 200 50 "-" "PostmanRuntime/7.40.0"

info: ::1 - - [01/Aug/2024:11:40:56 +0000] "POST /users/login HTTP/1.1" 200 255 "-" "PostmanRuntime/7.40.0"

info: ::1 - - [01/Aug/2024:11:42:48 +0000] "POST /users/login HTTP/1.1" 200 261 "-" "PostmanRuntime/7.40.0"

info: ::1 - - [01/Aug/2024:11:43:54 +0000] "POST /users/login HTTP/1.1" 200 261 "-" "PostmanRuntime/7.40.0"

info: ::1 - - [01/Aug/2024:11:43:59 +0000] "POST /users/login HTTP/1.1" 500 61 "-" "PostmanRuntime/7.40.0"

info: ::1 - - [01/Aug/2024:11:44:41 +0000] "POST /users/login HTTP/1.1" 200 49 "-" "PostmanRuntime/7.40.0"

info: ::1 - - [01/Aug/2024:11:45:37 +0000] "POST /users/login HTTP/1.1" 200 49 "-" "PostmanRuntime/7.40.0"

info: ::1 - - [01/Aug/2024:11:46:09 +0000] "POST /users/login HTTP/1.1" 200 255 "-" "PostmanRuntime/7.40.0"

info: ::1 - - [01/Aug/2024:11:47:30 +0000] "POST /users/login HTTP/1.1" 200 261 "-" "PostmanRuntime/7.40.0"

info: ::1 - - [01/Aug/2024:11:47:39 +0000] "POST /users/login HTTP/1.1" 200 49 "-" "PostmanRuntime/7.40.0"

info: ::1 - - [01/Aug/2024:11:47:45 +0000] "POST /users/login HTTP/1.1" 200 49 "-" "PostmanRuntime/7.40.0"

info: ::1 - - [01/Aug/2024:11:47:56 +0000] "POST /users/login HTTP/1.1" 200 255 "-" "PostmanRuntime/7.40.0"

info: ::1 - - [01/Aug/2024:11:52:48 +0000] "POST /users/login HTTP/1.1" 200 255 "-" "PostmanRuntime/7.40.0"

info: ::1 - - [01/Aug/2024:11:52:56 +0000] "POST /users/login HTTP/1.1" 200 255 "-" "PostmanRuntime/7.40.0"

info: ::1 - - [01/Aug/2024:11:53:12 +0000] "POST /users/login HTTP/1.1" 200 262 "-" "PostmanRuntime/7.40.0"

info: ::1 - - [01/Aug/2024:11:53:26 +0000] "POST /users/login HTTP/1.1" 200 49 "-" "PostmanRuntime/7.40.0"

info: ::1 - - [01/Aug/2024:11:53:41 +0000] "POST /users/login HTTP/1.1" 200 49 "-" "PostmanRuntime/7.40.0"

info: ::1 - - [01/Aug/2024:11:53:47 +0000] "POST /users/login HTTP/1.1" 200 49 "-" "PostmanRuntime/7.40.0"

info: ::1 - - [01/Aug/2024:11:53:55 +0000] "POST /users/login HTTP/1.1" 200 255 "-" "PostmanRuntime/7.40.0"

info: ::1 - - [01/Aug/2024:12:03:33 +0000] "POST /users/login HTTP/1.1" 200 49 "-" "PostmanRuntime/7.40.0"

info: ::1 - - [01/Aug/2024:12:03:39 +0000] "POST /users/login HTTP/1.1" 200 49 "-" "PostmanRuntime/7.40.0"

info: ::1 - - [01/Aug/2024:12:03:48 +0000] "POST /users/login HTTP/1.1" 500 87 "-" "PostmanRuntime/7.40.0"

info: ::1 - - [01/Aug/2024:12:04:35 +0000] "POST /users/login HTTP/1.1" 200 257 "-" "PostmanRuntime/7.40.0"

info: ::1 - - [01/Aug/2024:12:05:32 +0000] "POST /users/login HTTP/1.1" 200 264 "-" "PostmanRuntime/7.40.0"

info: ::1 - - [01/Aug/2024:12:06:35 +0000] "POST /users/register HTTP/1.1" 201 269 "-" "PostmanRuntime/7.40.0"

info: ::1 - - [01/Aug/2024:12:08:34 +0000] "POST /users/register HTTP/1.1" 201 261 "-" "PostmanRuntime/7.40.0"

info: ::1 - - [01/Aug/2024:12:12:31 +0000] "POST /users/login HTTP/1.1" 200 264 "-" "PostmanRuntime/7.40.0"

info: ::1 - - [01/Aug/2024:12:12:35 +0000] "POST /users/login HTTP/1.1" 200 49 "-" "PostmanRuntime/7.40.0"

info: ::1 - - [01/Aug/2024:12:12:42 +0000] "POST /users/login HTTP/1.1" 200 49 "-" "PostmanRuntime/7.40.0"

info: ::1 - - [01/Aug/2024:12:12:48 +0000] "POST /users/login HTTP/1.1" 200 49 "-" "PostmanRuntime/7.40.0"

info: ::1 - - [01/Aug/2024:12:12:53 +0000] "POST /users/login HTTP/1.1" 200 264 "-" "PostmanRuntime/7.40.0"

info: ::1 - - [01/Aug/2024:12:13:30 +0000] "POST /users/login HTTP/1.1" 200 264 "-" "PostmanRuntime/7.40.0"

info: ::1 - - [01/Aug/2024:12:13:34 +0000] "POST /users/login HTTP/1.1" 200 49 "-" "PostmanRuntime/7.40.0"

info: ::1 - - [01/Aug/2024:12:13:39 +0000] "POST /users/login HTTP/1.1" 200 49 "-" "PostmanRuntime/7.40.0"

info: ::1 - - [01/Aug/2024:12:13:45 +0000] "POST /users/login HTTP/1.1" 200 49 "-" "PostmanRuntime/7.40.0"

info: ::1 - - [02/Aug/2024:05:30:29 +0000] "GET / HTTP/1.1" 304 - "-" "Mozilla/5.0 (Windows NT 10.0; Win64; x64) AppleWebKit/537.36 (KHTML, like Gecko) Chrome/127.0.0.0 Safari/537.36 Edg/127.0.0.0"

info: ::1 - - [02/Aug/2024:05:30:39 +0000] "GET /users HTTP/1.1" 404 47 "-" "Mozilla/5.0 (Windows NT 10.0; Win64; x64) AppleWebKit/537.36 (KHTML, like Gecko) Chrome/127.0.0.0 Safari/537.36 Edg/127.0.0.0"

info: ::1 - - [02/Aug/2024:05:30:59 +0000] "GET /users/5 HTTP/1.1" 404 47 "-" "Mozilla/5.0 (Windows NT 10.0; Win64; x64) AppleWebKit/537.36 (KHTML, like Gecko) Chrome/127.0.0.0 Safari/537.36 Edg/127.0.0.0"

info: ::1 - - [02/Aug/2024:05:31:18 +0000] "POST /users/login HTTP/1.1" 200 264 "-" "PostmanRuntime/7.40.0"

info: ::1 - - [02/Aug/2024:05:35:11 +0000] "GET / HTTP/1.1" 200 29 "-" "PostmanRuntime/7.40.0"

info: ::1 - - [02/Aug/2024:06:01:20 +0000] "POST /users/login HTTP/1.1" 400 56 "-" "PostmanRuntime/7.40.0"

info: ::1 - - [02/Aug/2024:06:01:44 +0000] "POST /users/login HTTP/1.1" 200 264 "-" "PostmanRuntime/7.40.0"

info: ::1 - - [02/Aug/2024:06:02:11 +0000] "POST /users/login HTTP/1.1" 200 49 "-" "PostmanRuntime/7.40.0"

info: ::1 - - [02/Aug/2024:06:02:16 +0000] "POST /users/login HTTP/1.1" 200 49 "-" "PostmanRuntime/7.40.0"

info: ::1 - - [02/Aug/2024:06:02:29 +0000] "POST /users/login HTTP/1.1" 200 49 "-" "PostmanRuntime/7.40.0"

info: ::1 - - [02/Aug/2024:06:02:40 +0000] "POST /users/login HTTP/1.1" 200 264 "-" "PostmanRuntime/7.40.0"

info: ::1 - - [02/Aug/2024:06:07:54 +0000] "POST /users/login HTTP/1.1" 200 264 "-" "PostmanRuntime/7.40.0"

info: ::1 - - [02/Aug/2024:06:08:17 +0000] "POST /users/login HTTP/1.1" 200 264 "-" "PostmanRuntime/7.40.0"

info: ::1 - - [02/Aug/2024:06:09:31 +0000] "POST /users/login HTTP/1.1" 200 264 "-" "PostmanRuntime/7.40.0"

info: ::1 - - [02/Aug/2024:06:10:11 +0000] "POST /users/login HTTP/1.1" 200 412 "-" "PostmanRuntime/7.40.0"

info: ::1 - - [02/Aug/2024:06:12:22 +0000] "POST /users/login HTTP/1.1" 400 56 "-" "PostmanRuntime/7.40.0"

info: ::1 - - [02/Aug/2024:06:17:47 +0000] "POST /users/login HTTP/1.1" 200 412 "-" "PostmanRuntime/7.40.0"

info: ::1 - - [02/Aug/2024:06:18:49 +0000] "GET /users/login HTTP/1.1" 404 47 "-" "PostmanRuntime/7.40.0"

info: ::1 - - [02/Aug/2024:06:20:32 +0000] "GET /users/login HTTP/1.1" 404 47 "-" "PostmanRuntime/7.40.0"

info: ::1 - - [02/Aug/2024:06:20:45 +0000] "GET /users/login HTTP/1.1" 404 47 "-" "PostmanRuntime/7.40.0"

info: ::1 - - [02/Aug/2024:06:22:49 +0000] "GET /users/login HTTP/1.1" 404 47 "-" "PostmanRuntime/7.40.0"

info: ::1 - - [02/Aug/2024:06:23:09 +0000] "GET /users/login HTTP/1.1" 404 47 "-" "PostmanRuntime/7.40.0"

info: ::1 - - [02/Aug/2024:06:23:17 +0000] "POST /users/login HTTP/1.1" 500 55 "-" "PostmanRuntime/7.40.0"

info: ::1 - - [02/Aug/2024:06:24:34 +0000] "POST /users/login HTTP/1.1" 400 56 "-" "PostmanRuntime/7.40.0"

info: ::1 - - [02/Aug/2024:06:24:48 +0000] "POST /users/login HTTP/1.1" 200 412 "-" "PostmanRuntime/7.40.0"

info: ::1 - - [02/Aug/2024:06:24:52 +0000] "POST /users/login HTTP/1.1" 200 60 "-" "PostmanRuntime/7.40.0"

info: ::1 - - [02/Aug/2024:06:25:03 +0000] "POST /users/login HTTP/1.1" 200 60 "-" "PostmanRuntime/7.40.0"

info: ::1 - - [02/Aug/2024:06:25:07 +0000] "POST /users/login HTTP/1.1" 200 60 "-" "PostmanRuntime/7.40.0"

info: ::1 - - [02/Aug/2024:06:25:12 +0000] "POST /users/login HTTP/1.1" 200 412 "-" "PostmanRuntime/7.40.0"

info: ::1 - - [02/Aug/2024:06:37:47 +0000] "POST /users/login HTTP/1.1" 200 412 "-" "PostmanRuntime/7.40.0"

info: ::1 - - [02/Aug/2024:06:38:15 +0000] "POST /users/4 HTTP/1.1" 404 47 "-" "PostmanRuntime/7.40.0"

info: ::1 - - [02/Aug/2024:06:38:34 +0000] "POST /users/4 HTTP/1.1" 404 47 "-" "PostmanRuntime/7.40.0"

info: ::1 - - [02/Aug/2024:06:38:40 +0000] "POST /users/4 HTTP/1.1" 404 47 "-" "PostmanRuntime/7.40.0"

info: ::1 - - [02/Aug/2024:06:39:07 +0000] "GET /users/4 HTTP/1.1" 200 268 "-" "PostmanRuntime/7.40.0"

info: ::1 - - [02/Aug/2024:06:39:16 +0000] "GET /users/4 HTTP/1.1" 200 268 "-" "PostmanRuntime/7.40.0"

info: ::1 - - [02/Aug/2024:06:39:28 +0000] "GET /users/4 HTTP/1.1" 500 55 "-" "PostmanRuntime/7.40.0"

info: ::1 - - [02/Aug/2024:06:39:34 +0000] "GET /users/4 HTTP/1.1" 500 55 "-" "PostmanRuntime/7.40.0"

info: ::1 - - [02/Aug/2024:06:39:38 +0000] "GET /users/ HTTP/1.1" 404 47 "-" "PostmanRuntime/7.40.0"

info: ::1 - - [02/Aug/2024:06:39:42 +0000] "GET /users/4 HTTP/1.1" 500 55 "-" "PostmanRuntime/7.40.0"

info: ::1 - - [02/Aug/2024:06:49:57 +0000] "POST /users/login HTTP/1.1" 200 412 "-" "PostmanRuntime/7.40.0"

info: ::1 - - [02/Aug/2024:06:53:22 +0000] "POST /users/login HTTP/1.1" 200 60 "-" "PostmanRuntime/7.40.0"

info: ::1 - - [02/Aug/2024:06:54:05 +0000] "POST /users/login HTTP/1.1" 200 412 "-" "PostmanRuntime/7.40.0"

info: ::1 - - [02/Aug/2024:06:55:45 +0000] "POST /users/login HTTP/1.1" 200 412 "-" "PostmanRuntime/7.40.0"

info: ::1 - - [02/Aug/2024:07:35:03 +0000] "POST /users/register HTTP/1.1" 201 260 "-" "PostmanRuntime/7.40.0"

info: ::1 - - [02/Aug/2024:07:35:28 +0000] "POST /users/login HTTP/1.1" 200 403 "-" "PostmanRuntime/7.40.0"

info: ::1 - - [03/Aug/2024:06:01:43 +0000] "GET / HTTP/1.1" 304 - "-" "Mozilla/5.0 (Windows NT 10.0; Win64; x64) AppleWebKit/537.36 (KHTML, like Gecko) Chrome/127.0.0.0 Safari/537.36 Edg/127.0.0.0"

info: ::1 - - [03/Aug/2024:06:48:04 +0000] "POST /users/create HTTP/1.1" 404 47 "-" "PostmanRuntime/7.40.0"

info: ::1 - - [03/Aug/2024:06:51:07 +0000] "POST /notes/create HTTP/1.1" 201 173 "-" "PostmanRuntime/7.40.0"

info: ::1 - - [03/Aug/2024:06:53:40 +0000] "POST /notes/create HTTP/1.1" 201 173 "-" "PostmanRuntime/7.40.0"

info: ::1 - - [03/Aug/2024:06:56:24 +0000] "POST /notes/create HTTP/1.1" 201 1641 "-" "PostmanRuntime/7.40.0"

info: ::1 - - [03/Aug/2024:06:58:17 +0000] "POST /notes/create HTTP/1.1" 201 22156 "-" "PostmanRuntime/7.40.0"

info: ::1 - - [03/Aug/2024:07:02:45 +0000] "POST /users/login HTTP/1.1" 200 60 "-" "PostmanRuntime/7.40.0"

info: ::1 - - [03/Aug/2024:07:03:24 +0000] "POST /users/register HTTP/1.1" 201 260 "-" "PostmanRuntime/7.40.0"

info: ::1 - - [03/Aug/2024:07:03:31 +0000] "POST /users/login HTTP/1.1" 200 403 "-" "PostmanRuntime/7.40.0"

info: ::1 - - [03/Aug/2024:07:05:02 +0000] "POST /notes/create HTTP/1.1" 201 22156 "-" "PostmanRuntime/7.40.0"

info: ::1 - - [03/Aug/2024:07:13:17 +0000] "POST /notes/create HTTP/1.1" 500 108 "-" "PostmanRuntime/7.40.0"

info: ::1 - - [03/Aug/2024:07:13:26 +0000] "POST /notes/create HTTP/1.1" 201 301 "-" "PostmanRuntime/7.40.0"

info: ::1 - - [03/Aug/2024:07:29:50 +0000] "POST /users/register HTTP/1.1" 201 269 "-" "PostmanRuntime/7.40.0"

info: ::1 - - [03/Aug/2024:07:30:23 +0000] "POST /users/register HTTP/1.1" 201 267 "-" "PostmanRuntime/7.40.0"

info: ::1 - - [03/Aug/2024:07:30:39 +0000] "POST /users/login HTTP/1.1" 200 437 "-" "PostmanRuntime/7.40.0"

info: ::1 - - [03/Aug/2024:07:31:39 +0000] "POST /notes/create HTTP/1.1" 201 173 "-" "PostmanRuntime/7.40.0"

info: ::1 - - [03/Aug/2024:08:43:30 +0000] "GET /notes/getnotes HTTP/1.1" 400 56 "-" "PostmanRuntime/7.40.0"

info: ::1 - - [03/Aug/2024:08:43:41 +0000] "POST /users/login HTTP/1.1" 200 437 "-" "PostmanRuntime/7.40.0"

info: ::1 - - [03/Aug/2024:08:44:25 +0000] "POST /notes/create HTTP/1.1" 201 174 "-" "PostmanRuntime/7.40.0"

info: ::1 - - [03/Aug/2024:08:44:34 +0000] "GET /notes/getnotes HTTP/1.1" 400 56 "-" "PostmanRuntime/7.40.0"

info: ::1 - - [03/Aug/2024:08:46:14 +0000] "GET /notes/getnotes HTTP/1.1" 400 56 "-" "PostmanRuntime/7.40.0"

info: ::1 - - [03/Aug/2024:08:49:46 +0000] "GET /notes/getnotes HTTP/1.1" 400 56 "-" "PostmanRuntime/7.40.0"

info: ::1 - - [03/Aug/2024:08:50:32 +0000] "GET /notes/getnotes HTTP/1.1" 200 295 "-" "PostmanRuntime/7.40.0"

info: ::1 - - [03/Aug/2024:08:51:30 +0000] "POST /users/login HTTP/1.1" 200 60 "-" "PostmanRuntime/7.40.0"

info: ::1 - - [03/Aug/2024:08:51:37 +0000] "POST /users/login HTTP/1.1" 200 439 "-" "PostmanRuntime/7.40.0"

info: ::1 - - [03/Aug/2024:08:52:04 +0000] "GET /notes/getnotes HTTP/1.1" 200 65 "-" "PostmanRuntime/7.40.0"

info: ::1 - - [03/Aug/2024:08:52:47 +0000] "POST /notes/create HTTP/1.1" 201 176 "-" "PostmanRuntime/7.40.0"

info: ::1 - - [03/Aug/2024:08:52:53 +0000] "GET /notes/getnotes HTTP/1.1" 200 182 "-" "PostmanRuntime/7.40.0"

info: ::1 - - [03/Aug/2024:09:22:07 +0000] "GET /notes/getnotes HTTP/1.1" 200 182 "-" "PostmanRuntime/7.40.0"

info: ::1 - - [03/Aug/2024:09:22:26 +0000] "GET /notes/getnotes/3 HTTP/1.1" 200 175 "-" "PostmanRuntime/7.40.0"

info: ::1 - - [03/Aug/2024:09:23:19 +0000] "GET /notes/getnotes HTTP/1.1" 200 182 "-" "PostmanRuntime/7.40.0"

info: ::1 - - [03/Aug/2024:09:23:25 +0000] "GET /notes/getnotes/3 HTTP/1.1" 400 56 "-" "PostmanRuntime/7.40.0"

info: ::1 - - [03/Aug/2024:09:23:51 +0000] "GET /notes/getnotes/3 HTTP/1.1" 200 175 "-" "PostmanRuntime/7.40.0"

info: ::1 - - [03/Aug/2024:09:24:12 +0000] "POST /users/login HTTP/1.1" 200 437 "-" "PostmanRuntime/7.40.0"

info: ::1 - - [03/Aug/2024:09:24:29 +0000] "GET /notes/getnotes HTTP/1.1" 200 295 "-" "PostmanRuntime/7.40.0"

info: ::1 - - [03/Aug/2024:09:24:40 +0000] "GET /notes/getnotes/3 HTTP/1.1" 200 175 "-" "PostmanRuntime/7.40.0"

info: ::1 - - [03/Aug/2024:09:24:48 +0000] "GET /notes/getnotes/3 HTTP/1.1" 200 175 "-" "PostmanRuntime/7.40.0"

info: ::1 - - [03/Aug/2024:09:24:52 +0000] "GET /notes/getnotes/1 HTTP/1.1" 200 172 "-" "PostmanRuntime/7.40.0"

info: ::1 - - [03/Aug/2024:09:24:57 +0000] "GET /notes/getnotes/5 HTTP/1.1" 200 62 "-" "PostmanRuntime/7.40.0"

info: ::1 - - [03/Aug/2024:09:25:08 +0000] "GET /notes/getnotes/2 HTTP/1.1" 200 173 "-" "PostmanRuntime/7.40.0"

info: ::1 - - [03/Aug/2024:09:25:16 +0000] "GET /notes/getnotes/3 HTTP/1.1" 200 175 "-" "PostmanRuntime/7.40.0"

info: ::1 - - [03/Aug/2024:09:25:28 +0000] "GET /notes/getnotes HTTP/1.1" 200 295 "-" "PostmanRuntime/7.40.0"

info: ::1 - - [03/Aug/2024:09:32:39 +0000] "GET /notes/getnotes/3 HTTP/1.1" 200 62 "-" "PostmanRuntime/7.40.0"

info: ::1 - - [03/Aug/2024:09:33:00 +0000] "GET /notes/getnotes/1 HTTP/1.1" 200 172 "-" "PostmanRuntime/7.40.0"

info: ::1 - - [03/Aug/2024:09:33:04 +0000] "GET /notes/getnotes/2 HTTP/1.1" 200 173 "-" "PostmanRuntime/7.40.0"

info: ::1 - - [03/Aug/2024:09:33:11 +0000] "GET /notes/getnotes/3 HTTP/1.1" 200 62 "-" "PostmanRuntime/7.40.0"

info: ::1 - - [03/Aug/2024:09:34:08 +0000] "GET /notes/getnotes/2 HTTP/1.1" 200 173 "-" "PostmanRuntime/7.40.0"

info: ::1 - - [03/Aug/2024:09:42:34 +0000] "PUT /notes/getnotes/3 HTTP/1.1" 202 162 "-" "PostmanRuntime/7.40.0"

info: ::1 - - [03/Aug/2024:09:44:11 +0000] "PUT /notes/getnotes/2 HTTP/1.1" 202 162 "-" "PostmanRuntime/7.40.0"

info: ::1 - - [03/Aug/2024:09:44:57 +0000] "POST /users/login HTTP/1.1" 200 437 "-" "PostmanRuntime/7.40.0"

info: ::1 - - [03/Aug/2024:09:46:28 +0000] "PUT /notes/updatenotes/3 HTTP/1.1" 202 168 "-" "PostmanRuntime/7.40.0"

info: ::1 - - [03/Aug/2024:09:46:49 +0000] "PUT /notes/updatenotes/1 HTTP/1.1" 202 168 "-" "PostmanRuntime/7.40.0"

info: ::1 - - [03/Aug/2024:09:50:51 +0000] "PUT /notes/updatenotes/3 HTTP/1.1" 202 50 "-" "PostmanRuntime/7.40.0"

info: ::1 - - [03/Aug/2024:09:52:20 +0000] "PUT /notes/updatenotes/3 HTTP/1.1" - - "-" "PostmanRuntime/7.40.0"

info: ::1 - - [03/Aug/2024:09:52:32 +0000] "PUT /notes/updatenotes/3 HTTP/1.1" 202 50 "-" "PostmanRuntime/7.40.0"

info: ::1 - - [03/Aug/2024:09:53:25 +0000] "PUT /notes/updatenotes/3 HTTP/1.1" - - "-" "PostmanRuntime/7.40.0"

info: ::1 - - [03/Aug/2024:09:54:16 +0000] "PUT /notes/updatenotes/3 HTTP/1.1" - - "-" "PostmanRuntime/7.40.0"

info: ::1 - - [04/Aug/2024:13:54:14 +0000] "POST /users/login HTTP/1.1" 200 437 "-" "PostmanRuntime/7.40.0"

info: ::1 - - [04/Aug/2024:13:54:43 +0000] "PUT /notes/updatenotes/3 HTTP/1.1" - - "-" "PostmanRuntime/7.40.0"

info: ::1 - - [04/Aug/2024:13:55:45 +0000] "PUT /notes/updatenotes/1 HTTP/1.1" - - "-" "PostmanRuntime/7.40.0"

info: ::1 - - [04/Aug/2024:13:56:41 +0000] "PUT /notes/updatenotes/3 HTTP/1.1" - - "-" "PostmanRuntime/7.40.0"

info: ::1 - - [04/Aug/2024:13:57:29 +0000] "PUT /notes/updatenotes/3 HTTP/1.1" - - "-" "PostmanRuntime/7.40.0"

info: ::1 - - [04/Aug/2024:13:58:51 +0000] "GET /notes/getnotes/2 HTTP/1.1" 200 179 "-" "PostmanRuntime/7.40.0"

info: ::1 - - [04/Aug/2024:13:59:03 +0000] "GET /notes/getnotes/1 HTTP/1.1" 200 191 "-" "PostmanRuntime/7.40.0"

info: ::1 - - [04/Aug/2024:13:59:25 +0000] "GET /notes/getnotes/2 HTTP/1.1" 200 179 "-" "PostmanRuntime/7.40.0"

info: ::1 - - [04/Aug/2024:13:59:29 +0000] "GET /notes/getnotes/3 HTTP/1.1" 200 62 "-" "PostmanRuntime/7.40.0"

info: ::1 - - [04/Aug/2024:14:00:55 +0000] "PUT /notes/updatenotes/3 HTTP/1.1" - - "-" "PostmanRuntime/7.40.0"

info: ::1 - - [04/Aug/2024:14:01:45 +0000] "PUT /notes/updatenotes/1 HTTP/1.1" - - "-" "PostmanRuntime/7.40.0"

info: ::1 - - [04/Aug/2024:14:02:56 +0000] "PUT /notes/updatenotes/1 HTTP/1.1" - - "-" "PostmanRuntime/7.40.0"

info: ::1 - - [04/Aug/2024:14:03:31 +0000] "PUT /notes/updatenotes/2 HTTP/1.1" - - "-" "PostmanRuntime/7.40.0"

info: ::1 - - [04/Aug/2024:14:11:45 +0000] "PUT /notes/updatenotes/2 HTTP/1.1" - - "-" "PostmanRuntime/7.40.0"

info: ::1 - - [04/Aug/2024:14:11:56 +0000] "POST /users/login HTTP/1.1" 200 436 "-" "PostmanRuntime/7.40.0"

info: ::1 - - [04/Aug/2024:14:12:26 +0000] "GET /notes/getnotes HTTP/1.1" 200 332 "-" "PostmanRuntime/7.40.0"

info: ::1 - - [04/Aug/2024:14:12:38 +0000] "PUT /notes/updatenotes/2 HTTP/1.1" - - "-" "PostmanRuntime/7.40.0"

info: ::1 - - [04/Aug/2024:14:13:10 +0000] "PUT /notes/updatenotes/2 HTTP/1.1" - - "-" "PostmanRuntime/7.40.0"

info: ::1 - - [04/Aug/2024:14:14:04 +0000] "PUT /notes/updatenotes/2 HTTP/1.1" 202 174 "-" "PostmanRuntime/7.40.0"

info: ::1 - - [04/Aug/2024:14:14:21 +0000] "PUT /notes/updatenotes/2 HTTP/1.1" 202 175 "-" "PostmanRuntime/7.40.0"

info: ::1 - - [04/Aug/2024:14:14:54 +0000] "PUT /notes/updatenotes/3 HTTP/1.1" 202 176 "-" "PostmanRuntime/7.40.0"

info: ::1 - - [04/Aug/2024:14:19:00 +0000] "PUT /notes/updatenotes/3 HTTP/1.1" 202 176 "-" "PostmanRuntime/7.40.0"

info: ::1 - - [04/Aug/2024:14:19:18 +0000] "PUT /notes/updatenotes/1 HTTP/1.1" 202 176 "-" "PostmanRuntime/7.40.0"

info: ::1 - - [05/Aug/2024:05:35:39 +0000] "POST /users/login HTTP/1.1" 200 437 "-" "PostmanRuntime/7.40.0"

info: ::1 - - [05/Aug/2024:05:36:56 +0000] "PUT /notes/archivenotes/1 HTTP/1.1" 202 60 "-" "PostmanRuntime/7.40.0"

info: ::1 - - [05/Aug/2024:05:37:45 +0000] "PUT /notes/archivenotes/1 HTTP/1.1" 202 60 "-" "PostmanRuntime/7.40.0"

info: ::1 - - [05/Aug/2024:05:38:11 +0000] "PUT /notes/archivenotes/1 HTTP/1.1" 202 192 "-" "PostmanRuntime/7.40.0"

info: ::1 - - [05/Aug/2024:05:38:17 +0000] "PUT /notes/archivenotes/1 HTTP/1.1" 202 193 "-" "PostmanRuntime/7.40.0"

info: ::1 - - [05/Aug/2024:05:38:18 +0000] "PUT /notes/archivenotes/1 HTTP/1.1" 202 192 "-" "PostmanRuntime/7.40.0"

info: ::1 - - [05/Aug/2024:05:38:19 +0000] "PUT /notes/archivenotes/1 HTTP/1.1" 202 193 "-" "PostmanRuntime/7.40.0"

info: ::1 - - [05/Aug/2024:05:38:24 +0000] "PUT /notes/archivenotes/3 HTTP/1.1" 202 62 "-" "PostmanRuntime/7.40.0"

info: ::1 - - [05/Aug/2024:05:44:08 +0000] "PUT /notes/trashnotes/1 HTTP/1.1" 202 190 "-" "PostmanRuntime/7.40.0"

info: ::1 - - [05/Aug/2024:05:46:02 +0000] "PUT /notes/trashnotes/1 HTTP/1.1" 202 191 "-" "PostmanRuntime/7.40.0"

info: ::1 - - [05/Aug/2024:05:46:18 +0000] "PUT /notes/trashnotes/3 HTTP/1.1" 202 60 "-" "PostmanRuntime/7.40.0"

info: ::1 - - [05/Aug/2024:05:58:47 +0000] "DELETE /notes/deletenotes/ HTTP/1.1" 404 47 "-" "PostmanRuntime/7.40.0"

info: ::1 - - [05/Aug/2024:05:59:02 +0000] "DELETE /notes/deletenotes/3 HTTP/1.1" 404 47 "-" "PostmanRuntime/7.40.0"

info: ::1 - - [05/Aug/2024:05:59:46 +0000] "DELETE /notes/deletenotes/3 HTTP/1.1" 404 47 "-" "PostmanRuntime/7.40.0"

info: ::1 - - [05/Aug/2024:06:00:36 +0000] "DELETE /notes/deletenotes/1 HTTP/1.1" 404 47 "-" "PostmanRuntime/7.40.0"

info: ::1 - - [05/Aug/2024:06:20:06 +0000] "POST /users/login HTTP/1.1" 200 437 "-" "PostmanRuntime/7.40.0"

info: ::1 - - [05/Aug/2024:06:20:25 +0000] "DELETE /notes/deletenotes/1 HTTP/1.1" 404 47 "-" "PostmanRuntime/7.40.0"

info: ::1 - - [05/Aug/2024:06:21:00 +0000] "DELETE /notes/deletenotes/3 HTTP/1.1" 200 60 "-" "PostmanRuntime/7.40.0"

info: ::1 - - [05/Aug/2024:06:21:18 +0000] "DELETE /notes/deletenotes/1 HTTP/1.1" 200 60 "-" "PostmanRuntime/7.40.0"

info: ::1 - - [05/Aug/2024:06:22:40 +0000] "DELETE /notes/deletenotes/1 HTTP/1.1" 200 59 "-" "PostmanRuntime/7.40.0"

info: ::1 - - [05/Aug/2024:06:22:52 +0000] "DELETE /notes/deletenotes/2 HTTP/1.1" 200 59 "-" "PostmanRuntime/7.40.0"

info: ::1 - - [05/Aug/2024:06:29:54 +0000] "DELETE /notes/deletenotes/3 HTTP/1.1" 200 59 "-" "PostmanRuntime/7.40.0"

info: ::1 - - [05/Aug/2024:06:30:36 +0000] "POST /users/register HTTP/1.1" 201 267 "-" "PostmanRuntime/7.40.0"

info: ::1 - - [05/Aug/2024:06:35:23 +0000] "POST /users/register HTTP/1.1" 201 267 "-" "PostmanRuntime/7.40.0"

info: ::1 - - [05/Aug/2024:06:35:26 +0000] "POST /users/register HTTP/1.1" 500 75 "-" "PostmanRuntime/7.40.0"

info: ::1 - - [05/Aug/2024:06:36:12 +0000] "POST /users/register HTTP/1.1" 201 269 "-" "PostmanRuntime/7.40.0"

info: ::1 - - [05/Aug/2024:06:36:54 +0000] "POST /users/login HTTP/1.1" 200 437 "-" "PostmanRuntime/7.40.0"

info: ::1 - - [05/Aug/2024:06:38:25 +0000] "POST /notes/create HTTP/1.1" 201 175 "-" "PostmanRuntime/7.40.0"

info: ::1 - - [05/Aug/2024:06:38:48 +0000] "POST /notes/create HTTP/1.1" 201 174 "-" "PostmanRuntime/7.40.0"

info: ::1 - - [05/Aug/2024:06:39:55 +0000] "POST /notes/create HTTP/1.1" 201 174 "-" "PostmanRuntime/7.40.0"

info: ::1 - - [05/Aug/2024:06:40:10 +0000] "GET /notes/getnotes HTTP/1.1" 200 413 "-" "PostmanRuntime/7.40.0"

info: ::1 - - [05/Aug/2024:06:40:27 +0000] "GET /notes/getnotes/3 HTTP/1.1" 200 173 "-" "PostmanRuntime/7.40.0"

info: ::1 - - [05/Aug/2024:06:40:32 +0000] "GET /notes/getnotes/2 HTTP/1.1" 200 173 "-" "PostmanRuntime/7.40.0"

info: ::1 - - [05/Aug/2024:06:40:35 +0000] "GET /notes/getnotes/6 HTTP/1.1" 200 62 "-" "PostmanRuntime/7.40.0"

info: ::1 - - [05/Aug/2024:06:40:42 +0000] "GET /notes/getnotes/1 HTTP/1.1" 200 174 "-" "PostmanRuntime/7.40.0"

info: ::1 - - [05/Aug/2024:06:41:01 +0000] "POST /users/login HTTP/1.1" 200 439 "-" "PostmanRuntime/7.40.0"

info: ::1 - - [05/Aug/2024:06:41:42 +0000] "POST /notes/create HTTP/1.1" 201 174 "-" "PostmanRuntime/7.40.0"

info: ::1 - - [05/Aug/2024:06:42:01 +0000] "POST /notes/create HTTP/1.1" 201 173 "-" "PostmanRuntime/7.40.0"

info: ::1 - - [05/Aug/2024:06:42:32 +0000] "POST /notes/create HTTP/1.1" 201 172 "-" "PostmanRuntime/7.40.0"

info: ::1 - - [05/Aug/2024:06:42:48 +0000] "GET /notes/getnotes HTTP/1.1" 200 409 "-" "PostmanRuntime/7.40.0"

info: ::1 - - [05/Aug/2024:06:43:03 +0000] "GET /notes/getnotes/1 HTTP/1.1" 200 62 "-" "PostmanRuntime/7.40.0"

info: ::1 - - [05/Aug/2024:06:43:07 +0000] "GET /notes/getnotes/6 HTTP/1.1" 200 171 "-" "PostmanRuntime/7.40.0"

info: ::1 - - [05/Aug/2024:06:54:12 +0000] "DELETE /notes/deletenotes/3 HTTP/1.1" 200 59 "-" "PostmanRuntime/7.40.0"

info: ::1 - - [05/Aug/2024:06:54:17 +0000] "DELETE /notes/deletenotes/6 HTTP/1.1" 200 59 "-" "PostmanRuntime/7.40.0"

info: ::1 - - [05/Aug/2024:06:55:16 +0000] "PUT /notes/trashnotes/3 HTTP/1.1" 202 60 "-" "PostmanRuntime/7.40.0"

info: ::1 - - [05/Aug/2024:06:55:31 +0000] "PUT /notes/trashnotes/6 HTTP/1.1" 202 60 "-" "PostmanRuntime/7.40.0"

info: ::1 - - [05/Aug/2024:06:55:47 +0000] "PUT /notes/trashnotes/5 HTTP/1.1" 202 171 "-" "PostmanRuntime/7.40.0"

info: ::1 - - [05/Aug/2024:07:19:09 +0000] "POST /users/register HTTP/1.1" 201 267 "-" "PostmanRuntime/7.40.0"

info: ::1 - - [05/Aug/2024:07:19:15 +0000] "POST /users/register HTTP/1.1" 201 269 "-" "PostmanRuntime/7.40.0"

info: ::1 - - [05/Aug/2024:07:20:28 +0000] "POST /users/login HTTP/1.1" 200 437 "-" "PostmanRuntime/7.40.0"

info: ::1 - - [05/Aug/2024:08:12:17 +0000] "POST /notes/create HTTP/1.1" 500 100 "-" "PostmanRuntime/7.40.0"

info: ::1 - - [05/Aug/2024:08:13:00 +0000] "POST /users/register HTTP/1.1" 201 267 "-" "PostmanRuntime/7.40.0"

info: ::1 - - [05/Aug/2024:08:13:06 +0000] "POST /users/register HTTP/1.1" 201 269 "-" "PostmanRuntime/7.40.0"

info: ::1 - - [05/Aug/2024:08:13:11 +0000] "POST /users/login HTTP/1.1" 200 437 "-" "PostmanRuntime/7.40.0"

info: ::1 - - [05/Aug/2024:08:13:32 +0000] "POST /notes/create HTTP/1.1" 500 100 "-" "PostmanRuntime/7.40.0"

info: ::1 - - [05/Aug/2024:08:14:58 +0000] "POST /users/register HTTP/1.1" 201 267 "-" "PostmanRuntime/7.40.0"

info: ::1 - - [05/Aug/2024:08:15:02 +0000] "POST /users/register HTTP/1.1" 201 269 "-" "PostmanRuntime/7.40.0"

info: ::1 - - [05/Aug/2024:08:15:05 +0000] "POST /users/login HTTP/1.1" 200 437 "-" "PostmanRuntime/7.40.0"

info: ::1 - - [05/Aug/2024:08:15:22 +0000] "POST /notes/create HTTP/1.1" 201 173 "-" "PostmanRuntime/7.40.0"

info: ::1 - - [05/Aug/2024:08:15:36 +0000] "POST /notes/create HTTP/1.1" 201 174 "-" "PostmanRuntime/7.40.0"

info: ::1 - - [05/Aug/2024:08:15:44 +0000] "POST /notes/create HTTP/1.1" 201 174 "-" "PostmanRuntime/7.40.0"

info: ::1 - - [05/Aug/2024:08:15:55 +0000] "POST /users/login HTTP/1.1" 200 439 "-" "PostmanRuntime/7.40.0"

info: ::1 - - [05/Aug/2024:08:16:30 +0000] "POST /notes/create HTTP/1.1" 201 174 "-" "PostmanRuntime/7.40.0"

info: ::1 - - [05/Aug/2024:08:16:36 +0000] "POST /notes/create HTTP/1.1" 201 173 "-" "PostmanRuntime/7.40.0"

info: ::1 - - [05/Aug/2024:08:16:44 +0000] "POST /notes/create HTTP/1.1" 201 172 "-" "PostmanRuntime/7.40.0"

info: ::1 - - [05/Aug/2024:08:16:54 +0000] "PUT /notes/trashnotes/5 HTTP/1.1" 500 46 "-" "PostmanRuntime/7.40.0"

info: ::1 - - [05/Aug/2024:08:17:04 +0000] "PUT /notes/trashnotes/5 HTTP/1.1" 202 171 "-" "PostmanRuntime/7.40.0"

info: ::1 - - [05/Aug/2024:08:17:06 +0000] "PUT /notes/trashnotes/5 HTTP/1.1" 202 170 "-" "PostmanRuntime/7.40.0"

info: ::1 - - [05/Aug/2024:09:25:02 +0000] "POST /users/login HTTP/1.1" 500 90 "-" "PostmanRuntime/7.40.0"

info: ::1 - - [05/Aug/2024:09:25:53 +0000] "POST /users/login HTTP/1.1" 200 437 "-" "PostmanRuntime/7.40.0"

info: ::1 - - [05/Aug/2024:09:32:08 +0000] "GET /users/2 HTTP/1.1" 404 47 "-" "PostmanRuntime/7.40.0"

info: ::1 - - [05/Aug/2024:09:32:33 +0000] "PUT /users/2 HTTP/1.1" 500 60 "-" "PostmanRuntime/7.40.0"

info: ::1 - - [05/Aug/2024:09:32:46 +0000] "PUT /users/2 HTTP/1.1" 500 60 "-" "PostmanRuntime/7.40.0"

info: ::1 - - [05/Aug/2024:09:33:20 +0000] "PUT /users/2 HTTP/1.1" 202 211 "-" "PostmanRuntime/7.40.0"

info: ::1 - - [05/Aug/2024:09:35:13 +0000] "PUT /users/2 HTTP/1.1" 202 211 "-" "PostmanRuntime/7.40.0"

info: ::1 - - [05/Aug/2024:09:41:06 +0000] "POST /users/register HTTP/1.1" 500 78 "-" "PostmanRuntime/7.40.0"

info: ::1 - - [05/Aug/2024:09:41:46 +0000] "POST /users/register HTTP/1.1" 500 78 "-" "PostmanRuntime/7.40.0"

info: ::1 - - [05/Aug/2024:09:42:04 +0000] "POST /users/register HTTP/1.1" 500 75 "-" "PostmanRuntime/7.40.0"

info: ::1 - - [05/Aug/2024:09:42:39 +0000] "POST /users/register HTTP/1.1" 201 267 "-" "PostmanRuntime/7.40.0"

info: ::1 - - [05/Aug/2024:09:44:10 +0000] "POST /users/login HTTP/1.1" 200 438 "-" "PostmanRuntime/7.40.0"

info: ::1 - - [05/Aug/2024:09:45:28 +0000] "PUT /users/4 HTTP/1.1" 202 188 "-" "PostmanRuntime/7.40.0"

info: ::1 - - [05/Aug/2024:09:49:07 +0000] "PUT /users/4 HTTP/1.1" 202 238 "-" "PostmanRuntime/7.40.0"

info: ::1 - - [05/Aug/2024:09:50:02 +0000] "PUT /users/2 HTTP/1.1" 202 133 "-" "PostmanRuntime/7.40.0"

info: ::1 - - [05/Aug/2024:09:51:18 +0000] "DELETE /users/2 HTTP/1.1" 200 60 "-" "PostmanRuntime/7.40.0"

info: ::1 - - [05/Aug/2024:09:51:31 +0000] "DELETE /users/2 HTTP/1.1" 200 60 "-" "PostmanRuntime/7.40.0"

info: ::1 - - [05/Aug/2024:09:54:30 +0000] "GET /users/2 HTTP/1.1" 404 47 "-" "PostmanRuntime/7.40.0"

info: ::1 - - [05/Aug/2024:09:56:04 +0000] "GET /users/2 HTTP/1.1" 200 62 "-" "PostmanRuntime/7.40.0"

info: ::1 - - [05/Aug/2024:09:56:10 +0000] "GET /users/3 HTTP/1.1" 200 62 "-" "PostmanRuntime/7.40.0"

info: ::1 - - [05/Aug/2024:09:56:14 +0000] "GET /users/4 HTTP/1.1" 200 264 "-" "PostmanRuntime/7.40.0"

info: ::1 - - [05/Aug/2024:09:59:02 +0000] "GET /users/getall HTTP/1.1" 500 84 "-" "PostmanRuntime/7.40.0"

info: ::1 - - [05/Aug/2024:10:00:03 +0000] "GET /users/getall HTTP/1.1" 500 84 "-" "PostmanRuntime/7.40.0"

info: ::1 - - [05/Aug/2024:10:04:32 +0000] "GET /users/allusers HTTP/1.1" 500 86 "-" "PostmanRuntime/7.40.0"

info: ::1 - - [05/Aug/2024:10:06:10 +0000] "GET /users/4 HTTP/1.1" 200 264 "-" "PostmanRuntime/7.40.0"

info: ::1 - - [05/Aug/2024:10:06:26 +0000] "GET /users/getall HTTP/1.1" 500 84 "-" "PostmanRuntime/7.40.0"

info: ::1 - - [05/Aug/2024:10:16:12 +0000] "GET /users/getall HTTP/1.1" 500 84 "-" "PostmanRuntime/7.40.0"

info: ::1 - - [05/Aug/2024:10:16:27 +0000] "GET /users/allusers HTTP/1.1" 500 86 "-" "PostmanRuntime/7.40.0"

info: ::1 - - [05/Aug/2024:10:18:33 +0000] "GET /users/4 HTTP/1.1" 200 264 "-" "PostmanRuntime/7.40.0"

info: ::1 - - [05/Aug/2024:10:18:50 +0000] "GET /users/allusers HTTP/1.1" 500 86 "-" "PostmanRuntime/7.40.0"

info: ::1 - - [05/Aug/2024:10:26:11 +0000] "GET /users/allusers HTTP/1.1" 500 86 "-" "PostmanRuntime/7.40.0"

info: ::1 - - [05/Aug/2024:10:26:58 +0000] "GET /users/ HTTP/1.1" 200 480 "-" "PostmanRuntime/7.40.0"

info: ::1 - - [05/Aug/2024:10:33:59 +0000] "POST /users/login HTTP/1.1" 200 60 "-" "PostmanRuntime/7.40.0"

info: ::1 - - [05/Aug/2024:10:34:23 +0000] "POST /users/login HTTP/1.1" 200 437 "-" "PostmanRuntime/7.40.0"

info: ::1 - - [05/Aug/2024:10:35:49 +0000] "PUT /notes/updatenotes/1 HTTP/1.1" 202 115 "-" "PostmanRuntime/7.40.0"

